# Logfile created on 2014-01-02 14:14:40 -0800 by logger.rb/36483
I, [2014-01-02T14:14:40.566674 #18165]  INFO -- : 0:  rake (10.1.0) from /Users/wil/.rvm/gems/ruby-2.0.0-p195@fantasysports/specifications/rake-10.1.0.gemspec
I, [2014-01-02T14:14:40.566995 #18165]  INFO -- : 0:  i18n (0.6.5) from /Users/wil/.rvm/gems/ruby-2.0.0-p195@fantasysports/specifications/i18n-0.6.5.gemspec
I, [2014-01-02T14:14:40.567298 #18165]  INFO -- : 0:  minitest (4.7.5) from /Users/wil/.rvm/gems/ruby-2.0.0-p195@fantasysports/specifications/minitest-4.7.5.gemspec
I, [2014-01-02T14:14:40.567553 #18165]  INFO -- : 0:  multi_json (1.8.1) from /Users/wil/.rvm/gems/ruby-2.0.0-p195@fantasysports/specifications/multi_json-1.8.1.gemspec
I, [2014-01-02T14:14:40.567804 #18165]  INFO -- : 0:  atomic (1.1.14) from /Users/wil/.rvm/gems/ruby-2.0.0-p195@fantasysports/specifications/atomic-1.1.14.gemspec
I, [2014-01-02T14:14:40.568093 #18165]  INFO -- : 0:  thread_safe (0.1.3) from /Users/wil/.rvm/gems/ruby-2.0.0-p195@fantasysports/specifications/thread_safe-0.1.3.gemspec
I, [2014-01-02T14:14:40.568341 #18165]  INFO -- : 0:  tzinfo (0.3.38) from /Users/wil/.rvm/gems/ruby-2.0.0-p195@fantasysports/specifications/tzinfo-0.3.38.gemspec
I, [2014-01-02T14:14:40.568538 #18165]  INFO -- : 0:  activesupport (4.0.0) from /Users/wil/.rvm/gems/ruby-2.0.0-p195@fantasysports/specifications/activesupport-4.0.0.gemspec
I, [2014-01-02T14:14:40.568748 #18165]  INFO -- : 0:  builder (3.1.4) from /Users/wil/.rvm/gems/ruby-2.0.0-p195@fantasysports/specifications/builder-3.1.4.gemspec
I, [2014-01-02T14:14:40.568956 #18165]  INFO -- : 0:  erubis (2.7.0) from /Users/wil/.rvm/gems/ruby-2.0.0-p195@fantasysports/specifications/erubis-2.7.0.gemspec
I, [2014-01-02T14:14:40.569165 #18165]  INFO -- : 0:  rack (1.5.2) from /Users/wil/.rvm/gems/ruby-2.0.0-p195@fantasysports/specifications/rack-1.5.2.gemspec
I, [2014-01-02T14:14:40.569380 #18165]  INFO -- : 0:  rack-test (0.6.2) from /Users/wil/.rvm/gems/ruby-2.0.0-p195@fantasysports/specifications/rack-test-0.6.2.gemspec
I, [2014-01-02T14:14:40.569578 #18165]  INFO -- : 0:  actionpack (4.0.0) from /Users/wil/.rvm/gems/ruby-2.0.0-p195@fantasysports/specifications/actionpack-4.0.0.gemspec
I, [2014-01-02T14:14:40.569787 #18165]  INFO -- : 0:  mime-types (1.25) from /Users/wil/.rvm/gems/ruby-2.0.0-p195@fantasysports/specifications/mime-types-1.25.gemspec
I, [2014-01-02T14:14:40.569994 #18165]  INFO -- : 0:  polyglot (0.3.3) from /Users/wil/.rvm/gems/ruby-2.0.0-p195@fantasysports/specifications/polyglot-0.3.3.gemspec
I, [2014-01-02T14:14:40.570200 #18165]  INFO -- : 0:  treetop (1.4.15) from /Users/wil/.rvm/gems/ruby-2.0.0-p195@fantasysports/specifications/treetop-1.4.15.gemspec
I, [2014-01-02T14:14:40.570407 #18165]  INFO -- : 0:  mail (2.5.4) from /Users/wil/.rvm/gems/ruby-2.0.0-p195@fantasysports/specifications/mail-2.5.4.gemspec
I, [2014-01-02T14:14:40.570616 #18165]  INFO -- : 0:  actionmailer (4.0.0) from /Users/wil/.rvm/gems/ruby-2.0.0-p195@fantasysports/specifications/actionmailer-4.0.0.gemspec
I, [2014-01-02T14:14:40.570816 #18165]  INFO -- : 0:  activemodel (4.0.0) from /Users/wil/.rvm/gems/ruby-2.0.0-p195@fantasysports/specifications/activemodel-4.0.0.gemspec
I, [2014-01-02T14:14:40.571025 #18165]  INFO -- : 0:  active_model_serializers (0.8.1) from /Users/wil/.rvm/gems/ruby-2.0.0-p195@fantasysports/specifications/active_model_serializers-0.8.1.gemspec
I, [2014-01-02T14:14:40.571233 #18165]  INFO -- : 0:  arbre (1.0.1) from /Users/wil/.rvm/gems/ruby-2.0.0-p195@fantasysports/specifications/arbre-1.0.1.gemspec
I, [2014-01-02T14:14:40.571447 #18165]  INFO -- : 0:  sass (3.2.12) from /Users/wil/.rvm/gems/ruby-2.0.0-p195@fantasysports/specifications/sass-3.2.12.gemspec
I, [2014-01-02T14:14:40.571661 #18165]  INFO -- : 0:  thor (0.18.1) from /Users/wil/.rvm/gems/ruby-2.0.0-p195@fantasysports/specifications/thor-0.18.1.gemspec
I, [2014-01-02T14:14:40.571876 #18165]  INFO -- : 0:  bourbon (3.1.8) from /Users/wil/.rvm/gems/ruby-2.0.0-p195@fantasysports/specifications/bourbon-3.1.8.gemspec
I, [2014-01-02T14:14:40.572075 #18165]  INFO -- : 0:  coffee-script-source (1.6.3) from /Users/wil/.rvm/gems/ruby-2.0.0-p195@fantasysports/specifications/coffee-script-source-1.6.3.gemspec
I, [2014-01-02T14:14:40.572308 #18165]  INFO -- : 0:  execjs (2.0.2) from /Users/wil/.rvm/gems/ruby-2.0.0-p195@fantasysports/specifications/execjs-2.0.2.gemspec
I, [2014-01-02T14:14:40.572522 #18165]  INFO -- : 0:  coffee-script (2.2.0) from /Users/wil/.rvm/gems/ruby-2.0.0-p195@fantasysports/specifications/coffee-script-2.2.0.gemspec
I, [2014-01-02T14:14:40.572746 #18165]  INFO -- : 0:  railties (4.0.0) from /Users/wil/.rvm/gems/ruby-2.0.0-p195@fantasysports/specifications/railties-4.0.0.gemspec
I, [2014-01-02T14:14:40.572961 #18165]  INFO -- : 0:  coffee-rails (4.0.0) from /Users/wil/.rvm/gems/ruby-2.0.0-p195@fantasysports/specifications/coffee-rails-4.0.0.gemspec
I, [2014-01-02T14:14:40.573163 #18165]  INFO -- : 0:  bcrypt-ruby (3.1.2) from /Users/wil/.rvm/gems/ruby-2.0.0-p195@fantasysports/specifications/bcrypt-ruby-3.1.2.gemspec
I, [2014-01-02T14:14:40.573375 #18165]  INFO -- : 0:  orm_adapter (0.4.0) from /Users/wil/.rvm/gems/ruby-2.0.0-p195@fantasysports/specifications/orm_adapter-0.4.0.gemspec
I, [2014-01-02T14:14:40.573585 #18165]  INFO -- : 0:  warden (1.2.3) from /Users/wil/.rvm/gems/ruby-2.0.0-p195@fantasysports/specifications/warden-1.2.3.gemspec
I, [2014-01-02T14:14:40.573796 #18165]  INFO -- : 0:  devise (3.1.1) from /Users/wil/.rvm/gems/ruby-2.0.0-p195@fantasysports/specifications/devise-3.1.1.gemspec
I, [2014-01-02T14:14:40.574008 #18165]  INFO -- : 0:  formtastic (2.3.0.rc2) from /Users/wil/.rvm/gems/ruby-2.0.0-p195@fantasysports/specifications/formtastic-2.3.0.rc2.gemspec
I, [2014-01-02T14:14:40.574218 #18165]  INFO -- : 0:  has_scope (0.6.0.rc) from /Users/wil/.rvm/gems/ruby-2.0.0-p195@fantasysports/specifications/has_scope-0.6.0.rc.gemspec
I, [2014-01-02T14:14:40.574417 #18165]  INFO -- : 0:  responders (1.0.0) from /Users/wil/.rvm/gems/ruby-2.0.0-p195@fantasysports/specifications/responders-1.0.0.gemspec
I, [2014-01-02T14:14:40.574628 #18165]  INFO -- : 0:  inherited_resources (1.4.1) from /Users/wil/.rvm/gems/ruby-2.0.0-p195@fantasysports/specifications/inherited_resources-1.4.1.gemspec
I, [2014-01-02T14:14:40.574847 #18165]  INFO -- : 0:  jquery-rails (3.0.4) from /Users/wil/.rvm/gems/ruby-2.0.0-p195@fantasysports/specifications/jquery-rails-3.0.4.gemspec
I, [2014-01-02T14:14:40.575029 #18165]  INFO -- : 0:  jquery-ui-rails (4.0.5) from /Users/wil/.rvm/gems/ruby-2.0.0-p195@fantasysports/specifications/jquery-ui-rails-4.0.5.gemspec
I, [2014-01-02T14:14:40.575201 #18165]  INFO -- : 0:  kaminari (0.14.1) from /Users/wil/.rvm/gems/ruby-2.0.0-p195@fantasysports/specifications/kaminari-0.14.1.gemspec
I, [2014-01-02T14:14:40.575374 #18165]  INFO -- : 0:  activerecord-deprecated_finders (1.0.3) from /Users/wil/.rvm/gems/ruby-2.0.0-p195@fantasysports/specifications/activerecord-deprecated_finders-1.0.3.gemspec
I, [2014-01-02T14:14:40.575533 #18165]  INFO -- : 0:  arel (4.0.0) from /Users/wil/.rvm/gems/ruby-2.0.0-p195@fantasysports/specifications/arel-4.0.0.gemspec
I, [2014-01-02T14:14:40.575743 #18165]  INFO -- : 0:  activerecord (4.0.0) from /Users/wil/.rvm/gems/ruby-2.0.0-p195@fantasysports/specifications/activerecord-4.0.0.gemspec
I, [2014-01-02T14:14:40.575909 #18165]  INFO -- : 0:  bundler (1.5.1) from /Users/wil/.rvm/gems/ruby-2.0.0-p195@fantasysports/specifications/bundler-1.5.1.gemspec
I, [2014-01-02T14:14:40.576077 #18165]  INFO -- : 0:  hike (1.2.3) from /Users/wil/.rvm/gems/ruby-2.0.0-p195@fantasysports/specifications/hike-1.2.3.gemspec
I, [2014-01-02T14:14:40.576246 #18165]  INFO -- : 0:  tilt (1.4.1) from /Users/wil/.rvm/gems/ruby-2.0.0-p195@fantasysports/specifications/tilt-1.4.1.gemspec
I, [2014-01-02T14:14:40.576401 #18165]  INFO -- : 0:  sprockets (2.10.0) from /Users/wil/.rvm/gems/ruby-2.0.0-p195@fantasysports/specifications/sprockets-2.10.0.gemspec
I, [2014-01-02T14:14:40.576572 #18165]  INFO -- : 0:  sprockets-rails (2.0.0) from /Users/wil/.rvm/gems/ruby-2.0.0-p195@fantasysports/specifications/sprockets-rails-2.0.0.gemspec
I, [2014-01-02T14:14:40.576741 #18165]  INFO -- : 0:  rails (4.0.0) from /Users/wil/.rvm/gems/ruby-2.0.0-p195@fantasysports/specifications/rails-4.0.0.gemspec
I, [2014-01-02T14:14:40.576924 #18165]  INFO -- : 0:  polyamorous (0.6.4) from /Users/wil/.rvm/gems/ruby-2.0.0-p195@fantasysports/specifications/polyamorous-0.6.4.gemspec
I, [2014-01-02T14:14:40.577490 #18165]  INFO -- : 0:  ransack (1.0.0) from /Users/wil/.rvm/gems/ruby-2.0.0-p195@fantasysports/specifications/ransack-1.0.0.gemspec
I, [2014-01-02T14:14:40.577820 #18165]  INFO -- : 0:  sass-rails (4.0.0) from /Users/wil/.rvm/gems/ruby-2.0.0-p195@fantasysports/specifications/sass-rails-4.0.0.gemspec
I, [2014-01-02T14:14:41.014833 #18165]  INFO -- : 0:  activeadmin (0.6.1) from /Users/wil/.rvm/gems/ruby-2.0.0-p195@fantasysports/bundler/gems/active_admin-9f6b03030667/activeadmin.gemspec
I, [2014-01-02T14:14:41.015181 #18165]  INFO -- : 0:  attr_required (0.0.5) from /Users/wil/.rvm/gems/ruby-2.0.0-p195@fantasysports/specifications/attr_required-0.0.5.gemspec
I, [2014-01-02T14:14:41.015397 #18165]  INFO -- : 0:  json (1.7.7) from /Users/wil/.rvm/rubies/ruby-2.0.0-p247/lib/ruby/gems/2.0.0/specifications/default/json-1.7.7.gemspec
I, [2014-01-02T14:14:41.015613 #18165]  INFO -- : 0:  mini_portile (0.5.1) from /Users/wil/.rvm/gems/ruby-2.0.0-p195@fantasysports/specifications/mini_portile-0.5.1.gemspec
I, [2014-01-02T14:14:41.015824 #18165]  INFO -- : 0:  nokogiri (1.6.0) from /Users/wil/.rvm/gems/ruby-2.0.0-p195@fantasysports/specifications/nokogiri-1.6.0.gemspec
I, [2014-01-02T14:14:41.016037 #18165]  INFO -- : 0:  uuidtools (2.1.4) from /Users/wil/.rvm/gems/ruby-2.0.0-p195@fantasysports/specifications/uuidtools-2.1.4.gemspec
I, [2014-01-02T14:14:41.016272 #18165]  INFO -- : 0:  aws-sdk (1.11.1) from /Users/wil/.rvm/gems/ruby-2.0.0-p195@fantasysports/specifications/aws-sdk-1.11.1.gemspec
I, [2014-01-02T14:14:41.016462 #18165]  INFO -- : 0:  highline (1.6.19) from /Users/wil/.rvm/gems/ruby-2.0.0-p195@fantasysports/specifications/highline-1.6.19.gemspec
I, [2014-01-02T14:14:41.016640 #18165]  INFO -- : 0:  net-ssh (2.7.0) from /Users/wil/.rvm/gems/ruby-2.0.0-p195@fantasysports/specifications/net-ssh-2.7.0.gemspec
I, [2014-01-02T14:14:41.016810 #18165]  INFO -- : 0:  net-scp (1.1.2) from /Users/wil/.rvm/gems/ruby-2.0.0-p195@fantasysports/specifications/net-scp-1.1.2.gemspec
I, [2014-01-02T14:14:41.016982 #18165]  INFO -- : 0:  net-sftp (2.1.2) from /Users/wil/.rvm/gems/ruby-2.0.0-p195@fantasysports/specifications/net-sftp-2.1.2.gemspec
I, [2014-01-02T14:14:41.017151 #18165]  INFO -- : 0:  net-ssh-gateway (1.2.0) from /Users/wil/.rvm/gems/ruby-2.0.0-p195@fantasysports/specifications/net-ssh-gateway-1.2.0.gemspec
I, [2014-01-02T14:14:41.017321 #18165]  INFO -- : 0:  capistrano (2.15.5) from /Users/wil/.rvm/gems/ruby-2.0.0-p195@fantasysports/specifications/capistrano-2.15.5.gemspec
I, [2014-01-02T14:14:41.017492 #18165]  INFO -- : 0:  carrierwave (0.9.0) from /Users/wil/.rvm/gems/ruby-2.0.0-p195@fantasysports/specifications/carrierwave-0.9.0.gemspec
I, [2014-01-02T14:14:41.017657 #18165]  INFO -- : 0:  mixlib-log (1.6.0) from /Users/wil/.rvm/gems/ruby-2.0.0-p195@fantasysports/specifications/mixlib-log-1.6.0.gemspec
I, [2014-01-02T14:14:41.017828 #18165]  INFO -- : 0:  mixlib-authentication (1.3.0) from /Users/wil/.rvm/gems/ruby-2.0.0-p195@fantasysports/specifications/mixlib-authentication-1.3.0.gemspec
I, [2014-01-02T14:14:41.017996 #18165]  INFO -- : 0:  mixlib-cli (1.3.0) from /Users/wil/.rvm/gems/ruby-2.0.0-p195@fantasysports/specifications/mixlib-cli-1.3.0.gemspec
I, [2014-01-02T14:14:41.018167 #18165]  INFO -- : 0:  mixlib-config (1.1.2) from /Users/wil/.rvm/gems/ruby-2.0.0-p195@fantasysports/specifications/mixlib-config-1.1.2.gemspec
I, [2014-01-02T14:14:41.018330 #18165]  INFO -- : 0:  mixlib-shellout (1.2.0) from /Users/wil/.rvm/gems/ruby-2.0.0-p195@fantasysports/specifications/mixlib-shellout-1.2.0.gemspec
I, [2014-01-02T14:14:41.018491 #18165]  INFO -- : 0:  net-ssh-multi (1.1) from /Users/wil/.rvm/gems/ruby-2.0.0-p195@fantasysports/specifications/net-ssh-multi-1.1.gemspec
I, [2014-01-02T14:14:41.018656 #18165]  INFO -- : 0:  ipaddress (0.8.0) from /Users/wil/.rvm/gems/ruby-2.0.0-p195@fantasysports/specifications/ipaddress-0.8.0.gemspec
I, [2014-01-02T14:14:41.018833 #18165]  INFO -- : 0:  systemu (2.5.2) from /Users/wil/.rvm/gems/ruby-2.0.0-p195@fantasysports/specifications/systemu-2.5.2.gemspec
I, [2014-01-02T14:14:41.018998 #18165]  INFO -- : 0:  yajl-ruby (1.1.0) from /Users/wil/.rvm/gems/ruby-2.0.0-p195@fantasysports/specifications/yajl-ruby-1.1.0.gemspec
I, [2014-01-02T14:14:41.019160 #18165]  INFO -- : 0:  ohai (6.18.0) from /Users/wil/.rvm/gems/ruby-2.0.0-p195@fantasysports/specifications/ohai-6.18.0.gemspec
I, [2014-01-02T14:14:41.019323 #18165]  INFO -- : 0:  rest-client (1.6.7) from /Users/wil/.rvm/gems/ruby-2.0.0-p195@fantasysports/specifications/rest-client-1.6.7.gemspec
I, [2014-01-02T14:14:41.019546 #18165]  INFO -- : 0:  chef (11.6.2) from /Users/wil/.rvm/gems/ruby-2.0.0-p195@fantasysports/specifications/chef-11.6.2.gemspec
I, [2014-01-02T14:14:41.019774 #18165]  INFO -- : 0:  coderay (1.0.9) from /Users/wil/.rvm/gems/ruby-2.0.0-p195@fantasysports/specifications/coderay-1.0.9.gemspec
I, [2014-01-02T14:14:41.019992 #18165]  INFO -- : 0:  columnize (0.3.6) from /Users/wil/.rvm/gems/ruby-2.0.0-p195@fantasysports/specifications/columnize-0.3.6.gemspec
I, [2014-01-02T14:14:41.020210 #18165]  INFO -- : 0:  commander (4.1.5) from /Users/wil/.rvm/gems/ruby-2.0.0-p195@fantasysports/specifications/commander-4.1.5.gemspec
I, [2014-01-02T14:14:41.020427 #18165]  INFO -- : 0:  commonjs (0.2.7) from /Users/wil/.rvm/gems/ruby-2.0.0-p195@fantasysports/specifications/commonjs-0.2.7.gemspec
I, [2014-01-02T14:14:41.020643 #18165]  INFO -- : 0:  debugger-linecache (1.2.0) from /Users/wil/.rvm/gems/ruby-2.0.0-p195@fantasysports/specifications/debugger-linecache-1.2.0.gemspec
I, [2014-01-02T14:14:41.020861 #18165]  INFO -- : 0:  debugger-ruby_core_source (1.2.3) from /Users/wil/.rvm/gems/ruby-2.0.0-p195@fantasysports/specifications/debugger-ruby_core_source-1.2.3.gemspec
I, [2014-01-02T14:14:41.021073 #18165]  INFO -- : 0:  debugger (1.6.2) from /Users/wil/.rvm/gems/ruby-2.0.0-p195@fantasysports/specifications/debugger-1.6.2.gemspec
I, [2014-01-02T14:14:41.021289 #18165]  INFO -- : 0:  descriptive-statistics (2.1.0) from /Users/wil/.rvm/gems/ruby-2.0.0-p195@fantasysports/specifications/descriptive-statistics-2.1.0.gemspec
I, [2014-01-02T14:14:41.021500 #18165]  INFO -- : 0:  ffi (1.9.0) from /Users/wil/.rvm/gems/ruby-2.0.0-p195@fantasysports/specifications/ffi-1.9.0.gemspec
I, [2014-01-02T14:14:41.021715 #18165]  INFO -- : 0:  ethon (0.6.1) from /Users/wil/.rvm/gems/ruby-2.0.0-p195@fantasysports/specifications/ethon-0.6.1.gemspec
I, [2014-01-02T14:14:41.021928 #18165]  INFO -- : 0:  excon (0.25.3) from /Users/wil/.rvm/gems/ruby-2.0.0-p195@fantasysports/specifications/excon-0.25.3.gemspec
I, [2014-01-02T14:14:41.022144 #18165]  INFO -- : 0:  factory_girl (4.2.0) from /Users/wil/.rvm/gems/ruby-2.0.0-p195@fantasysports/specifications/factory_girl-4.2.0.gemspec
I, [2014-01-02T14:14:41.022359 #18165]  INFO -- : 0:  factory_girl_rails (4.2.1) from /Users/wil/.rvm/gems/ruby-2.0.0-p195@fantasysports/specifications/factory_girl_rails-4.2.1.gemspec
I, [2014-01-02T14:14:41.022571 #18165]  INFO -- : 0:  multipart-post (1.2.0) from /Users/wil/.rvm/gems/ruby-2.0.0-p195@fantasysports/specifications/multipart-post-1.2.0.gemspec
I, [2014-01-02T14:14:41.022782 #18165]  INFO -- : 0:  faraday (0.8.8) from /Users/wil/.rvm/gems/ruby-2.0.0-p195@fantasysports/specifications/faraday-0.8.8.gemspec
I, [2014-01-02T14:14:41.022996 #18165]  INFO -- : 0:  formatador (0.2.4) from /Users/wil/.rvm/gems/ruby-2.0.0-p195@fantasysports/specifications/formatador-0.2.4.gemspec
I, [2014-01-02T14:14:41.023269 #18165]  INFO -- : 0:  ruby-hmac (0.4.0) from /Users/wil/.rvm/gems/ruby-2.0.0-p195@fantasysports/specifications/ruby-hmac-0.4.0.gemspec
I, [2014-01-02T14:14:41.023494 #18165]  INFO -- : 0:  fog (1.15.0) from /Users/wil/.rvm/gems/ruby-2.0.0-p195@fantasysports/specifications/fog-1.15.0.gemspec
I, [2014-01-02T14:14:41.023696 #18165]  INFO -- : 0:  god (0.13.3) from /Users/wil/.rvm/gems/ruby-2.0.0-p195@fantasysports/specifications/god-0.13.3.gemspec
I, [2014-01-02T14:14:41.023972 #18165]  INFO -- : 0:  hashie (2.0.5) from /Users/wil/.rvm/gems/ruby-2.0.0-p195@fantasysports/specifications/hashie-2.0.5.gemspec
I, [2014-01-02T14:14:41.024203 #18165]  INFO -- : 0:  honeybadger (1.10.1) from /Users/wil/.rvm/gems/ruby-2.0.0-p195@fantasysports/specifications/honeybadger-1.10.1.gemspec
I, [2014-01-02T14:14:41.024422 #18165]  INFO -- : 0:  httpauth (0.2.0) from /Users/wil/.rvm/gems/ruby-2.0.0-p195@fantasysports/specifications/httpauth-0.2.0.gemspec
I, [2014-01-02T14:14:41.024700 #18165]  INFO -- : 0:  httpclient (2.3.4.1) from /Users/wil/.rvm/gems/ruby-2.0.0-p195@fantasysports/specifications/httpclient-2.3.4.1.gemspec
I, [2014-01-02T14:14:41.024954 #18165]  INFO -- : 0:  jbuilder (1.5.2) from /Users/wil/.rvm/gems/ruby-2.0.0-p195@fantasysports/specifications/jbuilder-1.5.2.gemspec
I, [2014-01-02T14:14:41.025146 #18165]  INFO -- : 0:  jwt (0.1.8) from /Users/wil/.rvm/gems/ruby-2.0.0-p195@fantasysports/specifications/jwt-0.1.8.gemspec
I, [2014-01-02T14:14:41.025361 #18165]  INFO -- : 0:  knife-ec2 (0.6.4) from /Users/wil/.rvm/gems/ruby-2.0.0-p195@fantasysports/specifications/knife-ec2-0.6.4.gemspec
I, [2014-01-02T14:14:41.025572 #18165]  INFO -- : 0:  less (2.4.0) from /Users/wil/.rvm/gems/ruby-2.0.0-p195@fantasysports/specifications/less-2.4.0.gemspec
I, [2014-01-02T14:14:41.025785 #18165]  INFO -- : 0:  less-rails (2.4.2) from /Users/wil/.rvm/gems/ruby-2.0.0-p195@fantasysports/specifications/less-rails-2.4.2.gemspec
I, [2014-01-02T14:14:41.026017 #18165]  INFO -- : 0:  libv8 (3.16.14.3) from /Users/wil/.rvm/gems/ruby-2.0.0-p195@fantasysports/specifications/libv8-3.16.14.3-x86_64-darwin-13.gemspec
I, [2014-01-02T14:14:41.026229 #18165]  INFO -- : 0:  metaclass (0.0.1) from /Users/wil/.rvm/gems/ruby-2.0.0-p195@fantasysports/specifications/metaclass-0.0.1.gemspec
I, [2014-01-02T14:14:41.026439 #18165]  INFO -- : 0:  method_source (0.8.2) from /Users/wil/.rvm/gems/ruby-2.0.0-p195@fantasysports/specifications/method_source-0.8.2.gemspec
I, [2014-01-02T14:14:41.026649 #18165]  INFO -- : 0:  subexec (0.2.3) from /Users/wil/.rvm/gems/ruby-2.0.0-p195@fantasysports/specifications/subexec-0.2.3.gemspec
I, [2014-01-02T14:14:41.026858 #18165]  INFO -- : 0:  mini_magick (3.6.0) from /Users/wil/.rvm/gems/ruby-2.0.0-p195@fantasysports/specifications/mini_magick-3.6.0.gemspec
I, [2014-01-02T14:14:41.027069 #18165]  INFO -- : 0:  mocha (0.14.0) from /Users/wil/.rvm/gems/ruby-2.0.0-p195@fantasysports/specifications/mocha-0.14.0.gemspec
I, [2014-01-02T14:14:41.027282 #18165]  INFO -- : 0:  protected_attributes (1.0.3) from /Users/wil/.rvm/gems/ruby-2.0.0-p195@fantasysports/specifications/protected_attributes-1.0.3.gemspec
I, [2014-01-02T14:14:41.027494 #18165]  INFO -- : 0:  rack-oauth2 (1.0.5) from /Users/wil/.rvm/gems/ruby-2.0.0-p195@fantasysports/specifications/rack-oauth2-1.0.5.gemspec
I, [2014-01-02T14:14:41.027710 #18165]  INFO -- : 0:  mustwin_devise_oauth2_providable (1.1.6) from /Users/wil/.rvm/gems/ruby-2.0.0-p195@fantasysports/specifications/mustwin_devise_oauth2_providable-1.1.6.gemspec
I, [2014-01-02T14:14:41.027941 #18165]  INFO -- : 0:  oauth2 (0.8.1) from /Users/wil/.rvm/gems/ruby-2.0.0-p195@fantasysports/specifications/oauth2-0.8.1.gemspec
I, [2014-01-02T14:14:41.028214 #18165]  INFO -- : 0:  omniauth (1.1.4) from /Users/wil/.rvm/gems/ruby-2.0.0-p195@fantasysports/specifications/omniauth-1.1.4.gemspec
I, [2014-01-02T14:14:41.028460 #18165]  INFO -- : 0:  omniauth-oauth2 (1.1.1) from /Users/wil/.rvm/gems/ruby-2.0.0-p195@fantasysports/specifications/omniauth-oauth2-1.1.1.gemspec
I, [2014-01-02T14:14:41.028694 #18165]  INFO -- : 0:  omniauth-facebook (1.4.1) from /Users/wil/.rvm/gems/ruby-2.0.0-p195@fantasysports/specifications/omniauth-facebook-1.4.1.gemspec
I, [2014-01-02T14:14:41.028928 #18165]  INFO -- : 0:  omniauth-facebook-access-token (0.1.3) from /Users/wil/.rvm/gems/ruby-2.0.0-p195@fantasysports/specifications/omniauth-facebook-access-token-0.1.3.gemspec
I, [2014-01-02T14:14:41.029119 #18165]  INFO -- : 0:  xml-simple (1.1.2) from /Users/wil/.rvm/gems/ruby-2.0.0-p195@fantasysports/specifications/xml-simple-1.1.2.gemspec
I, [2014-01-02T14:14:41.029343 #18165]  INFO -- : 0:  paypal-sdk-core (0.2.6) from /Users/wil/.rvm/gems/ruby-2.0.0-p195@fantasysports/specifications/paypal-sdk-core-0.2.6.gemspec
I, [2014-01-02T14:14:41.029564 #18165]  INFO -- : 0:  paypal-sdk-adaptivepayments (1.105.0) from /Users/wil/.rvm/gems/ruby-2.0.0-p195@fantasysports/specifications/paypal-sdk-adaptivepayments-1.105.0.gemspec
I, [2014-01-02T14:14:41.029777 #18165]  INFO -- : 0:  paypal-sdk-rest (0.6.0) from /Users/wil/.rvm/gems/ruby-2.0.0-p195@fantasysports/specifications/paypal-sdk-rest-0.6.0.gemspec
I, [2014-01-02T14:14:41.029987 #18165]  INFO -- : 0:  pg (0.17.0) from /Users/wil/.rvm/gems/ruby-2.0.0-p195@fantasysports/specifications/pg-0.17.0.gemspec
I, [2014-01-02T14:14:41.030196 #18165]  INFO -- : 0:  slop (3.4.6) from /Users/wil/.rvm/gems/ruby-2.0.0-p195@fantasysports/specifications/slop-3.4.6.gemspec
I, [2014-01-02T14:14:41.030457 #18165]  INFO -- : 0:  pry (0.9.12.2) from /Users/wil/.rvm/gems/ruby-2.0.0-p195@fantasysports/specifications/pry-0.9.12.2.gemspec
I, [2014-01-02T14:14:41.030663 #18165]  INFO -- : 0:  puma (2.6.0) from /Users/wil/.rvm/gems/ruby-2.0.0-p195@fantasysports/specifications/puma-2.6.0.gemspec
I, [2014-01-02T14:14:41.030866 #18165]  INFO -- : 0:  quiet_assets (1.0.2) from /Users/wil/.rvm/gems/ruby-2.0.0-p195@fantasysports/specifications/quiet_assets-1.0.2.gemspec
I, [2014-01-02T14:14:41.031068 #18165]  INFO -- : 0:  ref (1.0.5) from /Users/wil/.rvm/gems/ruby-2.0.0-p195@fantasysports/specifications/ref-1.0.5.gemspec
I, [2014-01-02T14:14:41.031267 #18165]  INFO -- : 0:  skeuocard-rails (1.0.3) from /Users/wil/.rvm/gems/ruby-2.0.0-p195@fantasysports/specifications/skeuocard-rails-1.0.3.gemspec
I, [2014-01-02T14:14:41.031467 #18165]  INFO -- : 0:  terminal-table (1.4.5) from /Users/wil/.rvm/gems/ruby-2.0.0-p195@fantasysports/specifications/terminal-table-1.4.5.gemspec
I, [2014-01-02T14:14:41.031667 #18165]  INFO -- : 0:  therubyracer (0.12.0) from /Users/wil/.rvm/gems/ruby-2.0.0-p195@fantasysports/specifications/therubyracer-0.12.0.gemspec
I, [2014-01-02T14:14:41.031865 #18165]  INFO -- : 0:  twitter-bootstrap-rails (2.2.8) from /Users/wil/.rvm/gems/ruby-2.0.0-p195@fantasysports/specifications/twitter-bootstrap-rails-2.2.8.gemspec
I, [2014-01-02T14:14:41.032063 #18165]  INFO -- : 0:  typhoeus (0.6.5) from /Users/wil/.rvm/gems/ruby-2.0.0-p195@fantasysports/specifications/typhoeus-0.6.5.gemspec
I, [2014-01-02T14:14:41.032282 #18165]  INFO -- : 0:  uglifier (2.2.1) from /Users/wil/.rvm/gems/ruby-2.0.0-p195@fantasysports/specifications/uglifier-2.2.1.gemspec
I, [2014-01-02T14:14:41.032480 #18165]  INFO -- : 0:  venice (0.2.0) from /Users/wil/.rvm/gems/ruby-2.0.0-p195@fantasysports/specifications/venice-0.2.0.gemspec
I, [2014-01-02T14:21:13.764461 #21104]  INFO -- : 0:  rake (10.1.0) from /Users/wil/.rvm/gems/ruby-2.0.0-p195@fantasysports/specifications/rake-10.1.0.gemspec
I, [2014-01-02T14:21:13.764794 #21104]  INFO -- : 0:  i18n (0.6.5) from /Users/wil/.rvm/gems/ruby-2.0.0-p195@fantasysports/specifications/i18n-0.6.5.gemspec
I, [2014-01-02T14:21:13.764996 #21104]  INFO -- : 0:  minitest (4.7.5) from /Users/wil/.rvm/gems/ruby-2.0.0-p195@fantasysports/specifications/minitest-4.7.5.gemspec
I, [2014-01-02T14:21:13.765192 #21104]  INFO -- : 0:  multi_json (1.8.1) from /Users/wil/.rvm/gems/ruby-2.0.0-p195@fantasysports/specifications/multi_json-1.8.1.gemspec
I, [2014-01-02T14:21:13.765377 #21104]  INFO -- : 0:  atomic (1.1.14) from /Users/wil/.rvm/gems/ruby-2.0.0-p195@fantasysports/specifications/atomic-1.1.14.gemspec
I, [2014-01-02T14:21:13.765561 #21104]  INFO -- : 0:  thread_safe (0.1.3) from /Users/wil/.rvm/gems/ruby-2.0.0-p195@fantasysports/specifications/thread_safe-0.1.3.gemspec
I, [2014-01-02T14:21:13.765739 #21104]  INFO -- : 0:  tzinfo (0.3.38) from /Users/wil/.rvm/gems/ruby-2.0.0-p195@fantasysports/specifications/tzinfo-0.3.38.gemspec
I, [2014-01-02T14:21:13.765920 #21104]  INFO -- : 0:  activesupport (4.0.0) from /Users/wil/.rvm/gems/ruby-2.0.0-p195@fantasysports/specifications/activesupport-4.0.0.gemspec
I, [2014-01-02T14:21:13.766103 #21104]  INFO -- : 0:  builder (3.1.4) from /Users/wil/.rvm/gems/ruby-2.0.0-p195@fantasysports/specifications/builder-3.1.4.gemspec
I, [2014-01-02T14:21:13.766281 #21104]  INFO -- : 0:  erubis (2.7.0) from /Users/wil/.rvm/gems/ruby-2.0.0-p195@fantasysports/specifications/erubis-2.7.0.gemspec
I, [2014-01-02T14:21:13.766454 #21104]  INFO -- : 0:  rack (1.5.2) from /Users/wil/.rvm/gems/ruby-2.0.0-p195@fantasysports/specifications/rack-1.5.2.gemspec
I, [2014-01-02T14:21:13.766630 #21104]  INFO -- : 0:  rack-test (0.6.2) from /Users/wil/.rvm/gems/ruby-2.0.0-p195@fantasysports/specifications/rack-test-0.6.2.gemspec
I, [2014-01-02T14:21:13.766804 #21104]  INFO -- : 0:  actionpack (4.0.0) from /Users/wil/.rvm/gems/ruby-2.0.0-p195@fantasysports/specifications/actionpack-4.0.0.gemspec
I, [2014-01-02T14:21:13.766981 #21104]  INFO -- : 0:  mime-types (1.25) from /Users/wil/.rvm/gems/ruby-2.0.0-p195@fantasysports/specifications/mime-types-1.25.gemspec
I, [2014-01-02T14:21:13.767139 #21104]  INFO -- : 0:  polyglot (0.3.3) from /Users/wil/.rvm/gems/ruby-2.0.0-p195@fantasysports/specifications/polyglot-0.3.3.gemspec
I, [2014-01-02T14:21:13.767314 #21104]  INFO -- : 0:  treetop (1.4.15) from /Users/wil/.rvm/gems/ruby-2.0.0-p195@fantasysports/specifications/treetop-1.4.15.gemspec
I, [2014-01-02T14:21:13.767490 #21104]  INFO -- : 0:  mail (2.5.4) from /Users/wil/.rvm/gems/ruby-2.0.0-p195@fantasysports/specifications/mail-2.5.4.gemspec
I, [2014-01-02T14:21:13.767662 #21104]  INFO -- : 0:  actionmailer (4.0.0) from /Users/wil/.rvm/gems/ruby-2.0.0-p195@fantasysports/specifications/actionmailer-4.0.0.gemspec
I, [2014-01-02T14:21:13.767837 #21104]  INFO -- : 0:  activemodel (4.0.0) from /Users/wil/.rvm/gems/ruby-2.0.0-p195@fantasysports/specifications/activemodel-4.0.0.gemspec
I, [2014-01-02T14:21:13.767995 #21104]  INFO -- : 0:  active_model_serializers (0.8.1) from /Users/wil/.rvm/gems/ruby-2.0.0-p195@fantasysports/specifications/active_model_serializers-0.8.1.gemspec
I, [2014-01-02T14:21:13.768166 #21104]  INFO -- : 0:  arbre (1.0.1) from /Users/wil/.rvm/gems/ruby-2.0.0-p195@fantasysports/specifications/arbre-1.0.1.gemspec
I, [2014-01-02T14:21:13.768362 #21104]  INFO -- : 0:  sass (3.2.12) from /Users/wil/.rvm/gems/ruby-2.0.0-p195@fantasysports/specifications/sass-3.2.12.gemspec
I, [2014-01-02T14:21:13.768538 #21104]  INFO -- : 0:  thor (0.18.1) from /Users/wil/.rvm/gems/ruby-2.0.0-p195@fantasysports/specifications/thor-0.18.1.gemspec
I, [2014-01-02T14:21:13.768709 #21104]  INFO -- : 0:  bourbon (3.1.8) from /Users/wil/.rvm/gems/ruby-2.0.0-p195@fantasysports/specifications/bourbon-3.1.8.gemspec
I, [2014-01-02T14:21:13.768891 #21104]  INFO -- : 0:  coffee-script-source (1.6.3) from /Users/wil/.rvm/gems/ruby-2.0.0-p195@fantasysports/specifications/coffee-script-source-1.6.3.gemspec
I, [2014-01-02T14:21:13.769049 #21104]  INFO -- : 0:  execjs (2.0.2) from /Users/wil/.rvm/gems/ruby-2.0.0-p195@fantasysports/specifications/execjs-2.0.2.gemspec
I, [2014-01-02T14:21:13.769221 #21104]  INFO -- : 0:  coffee-script (2.2.0) from /Users/wil/.rvm/gems/ruby-2.0.0-p195@fantasysports/specifications/coffee-script-2.2.0.gemspec
I, [2014-01-02T14:21:13.769393 #21104]  INFO -- : 0:  railties (4.0.0) from /Users/wil/.rvm/gems/ruby-2.0.0-p195@fantasysports/specifications/railties-4.0.0.gemspec
I, [2014-01-02T14:21:13.769566 #21104]  INFO -- : 0:  coffee-rails (4.0.0) from /Users/wil/.rvm/gems/ruby-2.0.0-p195@fantasysports/specifications/coffee-rails-4.0.0.gemspec
I, [2014-01-02T14:21:13.769737 #21104]  INFO -- : 0:  bcrypt-ruby (3.1.2) from /Users/wil/.rvm/gems/ruby-2.0.0-p195@fantasysports/specifications/bcrypt-ruby-3.1.2.gemspec
I, [2014-01-02T14:21:13.769928 #21104]  INFO -- : 0:  orm_adapter (0.4.0) from /Users/wil/.rvm/gems/ruby-2.0.0-p195@fantasysports/specifications/orm_adapter-0.4.0.gemspec
I, [2014-01-02T14:21:13.770086 #21104]  INFO -- : 0:  warden (1.2.3) from /Users/wil/.rvm/gems/ruby-2.0.0-p195@fantasysports/specifications/warden-1.2.3.gemspec
I, [2014-01-02T14:21:13.770271 #21104]  INFO -- : 0:  devise (3.1.1) from /Users/wil/.rvm/gems/ruby-2.0.0-p195@fantasysports/specifications/devise-3.1.1.gemspec
I, [2014-01-02T14:21:13.770447 #21104]  INFO -- : 0:  formtastic (2.3.0.rc2) from /Users/wil/.rvm/gems/ruby-2.0.0-p195@fantasysports/specifications/formtastic-2.3.0.rc2.gemspec
I, [2014-01-02T14:21:13.770625 #21104]  INFO -- : 0:  has_scope (0.6.0.rc) from /Users/wil/.rvm/gems/ruby-2.0.0-p195@fantasysports/specifications/has_scope-0.6.0.rc.gemspec
I, [2014-01-02T14:21:13.770800 #21104]  INFO -- : 0:  responders (1.0.0) from /Users/wil/.rvm/gems/ruby-2.0.0-p195@fantasysports/specifications/responders-1.0.0.gemspec
I, [2014-01-02T14:21:13.770959 #21104]  INFO -- : 0:  inherited_resources (1.4.1) from /Users/wil/.rvm/gems/ruby-2.0.0-p195@fantasysports/specifications/inherited_resources-1.4.1.gemspec
I, [2014-01-02T14:21:13.771129 #21104]  INFO -- : 0:  jquery-rails (3.0.4) from /Users/wil/.rvm/gems/ruby-2.0.0-p195@fantasysports/specifications/jquery-rails-3.0.4.gemspec
I, [2014-01-02T14:21:13.771302 #21104]  INFO -- : 0:  jquery-ui-rails (4.0.5) from /Users/wil/.rvm/gems/ruby-2.0.0-p195@fantasysports/specifications/jquery-ui-rails-4.0.5.gemspec
I, [2014-01-02T14:21:13.771474 #21104]  INFO -- : 0:  kaminari (0.14.1) from /Users/wil/.rvm/gems/ruby-2.0.0-p195@fantasysports/specifications/kaminari-0.14.1.gemspec
I, [2014-01-02T14:21:13.771647 #21104]  INFO -- : 0:  activerecord-deprecated_finders (1.0.3) from /Users/wil/.rvm/gems/ruby-2.0.0-p195@fantasysports/specifications/activerecord-deprecated_finders-1.0.3.gemspec
I, [2014-01-02T14:21:13.771817 #21104]  INFO -- : 0:  arel (4.0.0) from /Users/wil/.rvm/gems/ruby-2.0.0-p195@fantasysports/specifications/arel-4.0.0.gemspec
I, [2014-01-02T14:21:13.771975 #21104]  INFO -- : 0:  activerecord (4.0.0) from /Users/wil/.rvm/gems/ruby-2.0.0-p195@fantasysports/specifications/activerecord-4.0.0.gemspec
I, [2014-01-02T14:21:13.772139 #21104]  INFO -- : 0:  bundler (1.5.1) from /Users/wil/.rvm/gems/ruby-2.0.0-p195@fantasysports/specifications/bundler-1.5.1.gemspec
I, [2014-01-02T14:21:13.772309 #21104]  INFO -- : 0:  hike (1.2.3) from /Users/wil/.rvm/gems/ruby-2.0.0-p195@fantasysports/specifications/hike-1.2.3.gemspec
I, [2014-01-02T14:21:13.772477 #21104]  INFO -- : 0:  tilt (1.4.1) from /Users/wil/.rvm/gems/ruby-2.0.0-p195@fantasysports/specifications/tilt-1.4.1.gemspec
I, [2014-01-02T14:21:13.772650 #21104]  INFO -- : 0:  sprockets (2.10.0) from /Users/wil/.rvm/gems/ruby-2.0.0-p195@fantasysports/specifications/sprockets-2.10.0.gemspec
I, [2014-01-02T14:21:13.772822 #21104]  INFO -- : 0:  sprockets-rails (2.0.0) from /Users/wil/.rvm/gems/ruby-2.0.0-p195@fantasysports/specifications/sprockets-rails-2.0.0.gemspec
I, [2014-01-02T14:21:13.772979 #21104]  INFO -- : 0:  rails (4.0.0) from /Users/wil/.rvm/gems/ruby-2.0.0-p195@fantasysports/specifications/rails-4.0.0.gemspec
I, [2014-01-02T14:21:13.773151 #21104]  INFO -- : 0:  polyamorous (0.6.4) from /Users/wil/.rvm/gems/ruby-2.0.0-p195@fantasysports/specifications/polyamorous-0.6.4.gemspec
I, [2014-01-02T14:21:13.773323 #21104]  INFO -- : 0:  ransack (1.0.0) from /Users/wil/.rvm/gems/ruby-2.0.0-p195@fantasysports/specifications/ransack-1.0.0.gemspec
I, [2014-01-02T14:21:13.773493 #21104]  INFO -- : 0:  sass-rails (4.0.0) from /Users/wil/.rvm/gems/ruby-2.0.0-p195@fantasysports/specifications/sass-rails-4.0.0.gemspec
I, [2014-01-02T14:21:14.112453 #21104]  INFO -- : 0:  activeadmin (0.6.1) from /Users/wil/.rvm/gems/ruby-2.0.0-p195@fantasysports/bundler/gems/active_admin-9f6b03030667/activeadmin.gemspec
I, [2014-01-02T14:21:14.112797 #21104]  INFO -- : 0:  attr_required (0.0.5) from /Users/wil/.rvm/gems/ruby-2.0.0-p195@fantasysports/specifications/attr_required-0.0.5.gemspec
I, [2014-01-02T14:21:14.113011 #21104]  INFO -- : 0:  json (1.7.7) from /Users/wil/.rvm/rubies/ruby-2.0.0-p247/lib/ruby/gems/2.0.0/specifications/default/json-1.7.7.gemspec
I, [2014-01-02T14:21:14.113227 #21104]  INFO -- : 0:  mini_portile (0.5.1) from /Users/wil/.rvm/gems/ruby-2.0.0-p195@fantasysports/specifications/mini_portile-0.5.1.gemspec
I, [2014-01-02T14:21:14.113453 #21104]  INFO -- : 0:  nokogiri (1.6.0) from /Users/wil/.rvm/gems/ruby-2.0.0-p195@fantasysports/specifications/nokogiri-1.6.0.gemspec
I, [2014-01-02T14:21:14.113663 #21104]  INFO -- : 0:  uuidtools (2.1.4) from /Users/wil/.rvm/gems/ruby-2.0.0-p195@fantasysports/specifications/uuidtools-2.1.4.gemspec
I, [2014-01-02T14:21:14.113871 #21104]  INFO -- : 0:  aws-sdk (1.11.1) from /Users/wil/.rvm/gems/ruby-2.0.0-p195@fantasysports/specifications/aws-sdk-1.11.1.gemspec
I, [2014-01-02T14:21:14.114082 #21104]  INFO -- : 0:  highline (1.6.19) from /Users/wil/.rvm/gems/ruby-2.0.0-p195@fantasysports/specifications/highline-1.6.19.gemspec
I, [2014-01-02T14:21:14.114292 #21104]  INFO -- : 0:  net-ssh (2.7.0) from /Users/wil/.rvm/gems/ruby-2.0.0-p195@fantasysports/specifications/net-ssh-2.7.0.gemspec
I, [2014-01-02T14:21:14.114500 #21104]  INFO -- : 0:  net-scp (1.1.2) from /Users/wil/.rvm/gems/ruby-2.0.0-p195@fantasysports/specifications/net-scp-1.1.2.gemspec
I, [2014-01-02T14:21:14.114708 #21104]  INFO -- : 0:  net-sftp (2.1.2) from /Users/wil/.rvm/gems/ruby-2.0.0-p195@fantasysports/specifications/net-sftp-2.1.2.gemspec
I, [2014-01-02T14:21:14.114918 #21104]  INFO -- : 0:  net-ssh-gateway (1.2.0) from /Users/wil/.rvm/gems/ruby-2.0.0-p195@fantasysports/specifications/net-ssh-gateway-1.2.0.gemspec
I, [2014-01-02T14:21:14.115127 #21104]  INFO -- : 0:  capistrano (2.15.5) from /Users/wil/.rvm/gems/ruby-2.0.0-p195@fantasysports/specifications/capistrano-2.15.5.gemspec
I, [2014-01-02T14:21:14.115333 #21104]  INFO -- : 0:  carrierwave (0.9.0) from /Users/wil/.rvm/gems/ruby-2.0.0-p195@fantasysports/specifications/carrierwave-0.9.0.gemspec
I, [2014-01-02T14:21:14.115545 #21104]  INFO -- : 0:  mixlib-log (1.6.0) from /Users/wil/.rvm/gems/ruby-2.0.0-p195@fantasysports/specifications/mixlib-log-1.6.0.gemspec
I, [2014-01-02T14:21:14.115757 #21104]  INFO -- : 0:  mixlib-authentication (1.3.0) from /Users/wil/.rvm/gems/ruby-2.0.0-p195@fantasysports/specifications/mixlib-authentication-1.3.0.gemspec
I, [2014-01-02T14:21:14.115974 #21104]  INFO -- : 0:  mixlib-cli (1.3.0) from /Users/wil/.rvm/gems/ruby-2.0.0-p195@fantasysports/specifications/mixlib-cli-1.3.0.gemspec
I, [2014-01-02T14:21:14.116181 #21104]  INFO -- : 0:  mixlib-config (1.1.2) from /Users/wil/.rvm/gems/ruby-2.0.0-p195@fantasysports/specifications/mixlib-config-1.1.2.gemspec
I, [2014-01-02T14:21:14.116388 #21104]  INFO -- : 0:  mixlib-shellout (1.2.0) from /Users/wil/.rvm/gems/ruby-2.0.0-p195@fantasysports/specifications/mixlib-shellout-1.2.0.gemspec
I, [2014-01-02T14:21:14.116594 #21104]  INFO -- : 0:  net-ssh-multi (1.1) from /Users/wil/.rvm/gems/ruby-2.0.0-p195@fantasysports/specifications/net-ssh-multi-1.1.gemspec
I, [2014-01-02T14:21:14.116800 #21104]  INFO -- : 0:  ipaddress (0.8.0) from /Users/wil/.rvm/gems/ruby-2.0.0-p195@fantasysports/specifications/ipaddress-0.8.0.gemspec
I, [2014-01-02T14:21:14.117004 #21104]  INFO -- : 0:  systemu (2.5.2) from /Users/wil/.rvm/gems/ruby-2.0.0-p195@fantasysports/specifications/systemu-2.5.2.gemspec
I, [2014-01-02T14:21:14.117208 #21104]  INFO -- : 0:  yajl-ruby (1.1.0) from /Users/wil/.rvm/gems/ruby-2.0.0-p195@fantasysports/specifications/yajl-ruby-1.1.0.gemspec
I, [2014-01-02T14:21:14.117413 #21104]  INFO -- : 0:  ohai (6.18.0) from /Users/wil/.rvm/gems/ruby-2.0.0-p195@fantasysports/specifications/ohai-6.18.0.gemspec
I, [2014-01-02T14:21:14.117621 #21104]  INFO -- : 0:  rest-client (1.6.7) from /Users/wil/.rvm/gems/ruby-2.0.0-p195@fantasysports/specifications/rest-client-1.6.7.gemspec
I, [2014-01-02T14:21:14.117824 #21104]  INFO -- : 0:  chef (11.6.2) from /Users/wil/.rvm/gems/ruby-2.0.0-p195@fantasysports/specifications/chef-11.6.2.gemspec
I, [2014-01-02T14:21:14.118025 #21104]  INFO -- : 0:  coderay (1.0.9) from /Users/wil/.rvm/gems/ruby-2.0.0-p195@fantasysports/specifications/coderay-1.0.9.gemspec
I, [2014-01-02T14:21:14.118229 #21104]  INFO -- : 0:  columnize (0.3.6) from /Users/wil/.rvm/gems/ruby-2.0.0-p195@fantasysports/specifications/columnize-0.3.6.gemspec
I, [2014-01-02T14:21:14.118441 #21104]  INFO -- : 0:  commander (4.1.5) from /Users/wil/.rvm/gems/ruby-2.0.0-p195@fantasysports/specifications/commander-4.1.5.gemspec
I, [2014-01-02T14:21:14.118646 #21104]  INFO -- : 0:  commonjs (0.2.7) from /Users/wil/.rvm/gems/ruby-2.0.0-p195@fantasysports/specifications/commonjs-0.2.7.gemspec
I, [2014-01-02T14:21:14.118851 #21104]  INFO -- : 0:  debugger-linecache (1.2.0) from /Users/wil/.rvm/gems/ruby-2.0.0-p195@fantasysports/specifications/debugger-linecache-1.2.0.gemspec
I, [2014-01-02T14:21:14.119059 #21104]  INFO -- : 0:  debugger-ruby_core_source (1.2.3) from /Users/wil/.rvm/gems/ruby-2.0.0-p195@fantasysports/specifications/debugger-ruby_core_source-1.2.3.gemspec
I, [2014-01-02T14:21:14.119267 #21104]  INFO -- : 0:  debugger (1.6.2) from /Users/wil/.rvm/gems/ruby-2.0.0-p195@fantasysports/specifications/debugger-1.6.2.gemspec
I, [2014-01-02T14:21:14.119483 #21104]  INFO -- : 0:  descriptive-statistics (2.1.0) from /Users/wil/.rvm/gems/ruby-2.0.0-p195@fantasysports/specifications/descriptive-statistics-2.1.0.gemspec
I, [2014-01-02T14:21:14.119696 #21104]  INFO -- : 0:  ffi (1.9.0) from /Users/wil/.rvm/gems/ruby-2.0.0-p195@fantasysports/specifications/ffi-1.9.0.gemspec
I, [2014-01-02T14:21:14.119905 #21104]  INFO -- : 0:  ethon (0.6.1) from /Users/wil/.rvm/gems/ruby-2.0.0-p195@fantasysports/specifications/ethon-0.6.1.gemspec
I, [2014-01-02T14:21:14.120067 #21104]  INFO -- : 0:  excon (0.25.3) from /Users/wil/.rvm/gems/ruby-2.0.0-p195@fantasysports/specifications/excon-0.25.3.gemspec
I, [2014-01-02T14:21:14.120226 #21104]  INFO -- : 0:  factory_girl (4.2.0) from /Users/wil/.rvm/gems/ruby-2.0.0-p195@fantasysports/specifications/factory_girl-4.2.0.gemspec
I, [2014-01-02T14:21:14.120386 #21104]  INFO -- : 0:  factory_girl_rails (4.2.1) from /Users/wil/.rvm/gems/ruby-2.0.0-p195@fantasysports/specifications/factory_girl_rails-4.2.1.gemspec
I, [2014-01-02T14:21:14.120544 #21104]  INFO -- : 0:  multipart-post (1.2.0) from /Users/wil/.rvm/gems/ruby-2.0.0-p195@fantasysports/specifications/multipart-post-1.2.0.gemspec
I, [2014-01-02T14:21:14.120706 #21104]  INFO -- : 0:  faraday (0.8.8) from /Users/wil/.rvm/gems/ruby-2.0.0-p195@fantasysports/specifications/faraday-0.8.8.gemspec
I, [2014-01-02T14:21:14.120863 #21104]  INFO -- : 0:  formatador (0.2.4) from /Users/wil/.rvm/gems/ruby-2.0.0-p195@fantasysports/specifications/formatador-0.2.4.gemspec
I, [2014-01-02T14:21:14.121021 #21104]  INFO -- : 0:  ruby-hmac (0.4.0) from /Users/wil/.rvm/gems/ruby-2.0.0-p195@fantasysports/specifications/ruby-hmac-0.4.0.gemspec
I, [2014-01-02T14:21:14.121178 #21104]  INFO -- : 0:  fog (1.15.0) from /Users/wil/.rvm/gems/ruby-2.0.0-p195@fantasysports/specifications/fog-1.15.0.gemspec
I, [2014-01-02T14:21:14.121335 #21104]  INFO -- : 0:  god (0.13.3) from /Users/wil/.rvm/gems/ruby-2.0.0-p195@fantasysports/specifications/god-0.13.3.gemspec
I, [2014-01-02T14:21:14.121511 #21104]  INFO -- : 0:  hashie (2.0.5) from /Users/wil/.rvm/gems/ruby-2.0.0-p195@fantasysports/specifications/hashie-2.0.5.gemspec
I, [2014-01-02T14:21:14.121728 #21104]  INFO -- : 0:  honeybadger (1.10.1) from /Users/wil/.rvm/gems/ruby-2.0.0-p195@fantasysports/specifications/honeybadger-1.10.1.gemspec
I, [2014-01-02T14:21:14.121892 #21104]  INFO -- : 0:  httpauth (0.2.0) from /Users/wil/.rvm/gems/ruby-2.0.0-p195@fantasysports/specifications/httpauth-0.2.0.gemspec
I, [2014-01-02T14:21:14.122051 #21104]  INFO -- : 0:  httpclient (2.3.4.1) from /Users/wil/.rvm/gems/ruby-2.0.0-p195@fantasysports/specifications/httpclient-2.3.4.1.gemspec
I, [2014-01-02T14:21:14.122207 #21104]  INFO -- : 0:  jbuilder (1.5.2) from /Users/wil/.rvm/gems/ruby-2.0.0-p195@fantasysports/specifications/jbuilder-1.5.2.gemspec
I, [2014-01-02T14:21:14.122363 #21104]  INFO -- : 0:  jwt (0.1.8) from /Users/wil/.rvm/gems/ruby-2.0.0-p195@fantasysports/specifications/jwt-0.1.8.gemspec
I, [2014-01-02T14:21:14.122520 #21104]  INFO -- : 0:  knife-ec2 (0.6.4) from /Users/wil/.rvm/gems/ruby-2.0.0-p195@fantasysports/specifications/knife-ec2-0.6.4.gemspec
I, [2014-01-02T14:21:14.122676 #21104]  INFO -- : 0:  less (2.4.0) from /Users/wil/.rvm/gems/ruby-2.0.0-p195@fantasysports/specifications/less-2.4.0.gemspec
I, [2014-01-02T14:21:14.122847 #21104]  INFO -- : 0:  less-rails (2.4.2) from /Users/wil/.rvm/gems/ruby-2.0.0-p195@fantasysports/specifications/less-rails-2.4.2.gemspec
I, [2014-01-02T14:21:14.123023 #21104]  INFO -- : 0:  libv8 (3.16.14.3) from /Users/wil/.rvm/gems/ruby-2.0.0-p195@fantasysports/specifications/libv8-3.16.14.3-x86_64-darwin-13.gemspec
I, [2014-01-02T14:21:14.123183 #21104]  INFO -- : 0:  metaclass (0.0.1) from /Users/wil/.rvm/gems/ruby-2.0.0-p195@fantasysports/specifications/metaclass-0.0.1.gemspec
I, [2014-01-02T14:21:14.123341 #21104]  INFO -- : 0:  method_source (0.8.2) from /Users/wil/.rvm/gems/ruby-2.0.0-p195@fantasysports/specifications/method_source-0.8.2.gemspec
I, [2014-01-02T14:21:14.123501 #21104]  INFO -- : 0:  subexec (0.2.3) from /Users/wil/.rvm/gems/ruby-2.0.0-p195@fantasysports/specifications/subexec-0.2.3.gemspec
I, [2014-01-02T14:21:14.123658 #21104]  INFO -- : 0:  mini_magick (3.6.0) from /Users/wil/.rvm/gems/ruby-2.0.0-p195@fantasysports/specifications/mini_magick-3.6.0.gemspec
I, [2014-01-02T14:21:14.123818 #21104]  INFO -- : 0:  mocha (0.14.0) from /Users/wil/.rvm/gems/ruby-2.0.0-p195@fantasysports/specifications/mocha-0.14.0.gemspec
I, [2014-01-02T14:21:14.123981 #21104]  INFO -- : 0:  protected_attributes (1.0.3) from /Users/wil/.rvm/gems/ruby-2.0.0-p195@fantasysports/specifications/protected_attributes-1.0.3.gemspec
I, [2014-01-02T14:21:14.124144 #21104]  INFO -- : 0:  rack-oauth2 (1.0.5) from /Users/wil/.rvm/gems/ruby-2.0.0-p195@fantasysports/specifications/rack-oauth2-1.0.5.gemspec
I, [2014-01-02T14:21:14.124306 #21104]  INFO -- : 0:  mustwin_devise_oauth2_providable (1.1.6) from /Users/wil/.rvm/gems/ruby-2.0.0-p195@fantasysports/specifications/mustwin_devise_oauth2_providable-1.1.6.gemspec
I, [2014-01-02T14:21:14.124484 #21104]  INFO -- : 0:  oauth2 (0.8.1) from /Users/wil/.rvm/gems/ruby-2.0.0-p195@fantasysports/specifications/oauth2-0.8.1.gemspec
I, [2014-01-02T14:21:14.124662 #21104]  INFO -- : 0:  omniauth (1.1.4) from /Users/wil/.rvm/gems/ruby-2.0.0-p195@fantasysports/specifications/omniauth-1.1.4.gemspec
I, [2014-01-02T14:21:14.124835 #21104]  INFO -- : 0:  omniauth-oauth2 (1.1.1) from /Users/wil/.rvm/gems/ruby-2.0.0-p195@fantasysports/specifications/omniauth-oauth2-1.1.1.gemspec
I, [2014-01-02T14:21:14.125006 #21104]  INFO -- : 0:  omniauth-facebook (1.4.1) from /Users/wil/.rvm/gems/ruby-2.0.0-p195@fantasysports/specifications/omniauth-facebook-1.4.1.gemspec
I, [2014-01-02T14:21:14.125178 #21104]  INFO -- : 0:  omniauth-facebook-access-token (0.1.3) from /Users/wil/.rvm/gems/ruby-2.0.0-p195@fantasysports/specifications/omniauth-facebook-access-token-0.1.3.gemspec
I, [2014-01-02T14:21:14.125349 #21104]  INFO -- : 0:  xml-simple (1.1.2) from /Users/wil/.rvm/gems/ruby-2.0.0-p195@fantasysports/specifications/xml-simple-1.1.2.gemspec
I, [2014-01-02T14:21:14.125520 #21104]  INFO -- : 0:  paypal-sdk-core (0.2.6) from /Users/wil/.rvm/gems/ruby-2.0.0-p195@fantasysports/specifications/paypal-sdk-core-0.2.6.gemspec
I, [2014-01-02T14:21:14.125691 #21104]  INFO -- : 0:  paypal-sdk-adaptivepayments (1.105.0) from /Users/wil/.rvm/gems/ruby-2.0.0-p195@fantasysports/specifications/paypal-sdk-adaptivepayments-1.105.0.gemspec
I, [2014-01-02T14:21:14.125861 #21104]  INFO -- : 0:  paypal-sdk-rest (0.6.0) from /Users/wil/.rvm/gems/ruby-2.0.0-p195@fantasysports/specifications/paypal-sdk-rest-0.6.0.gemspec
I, [2014-01-02T14:21:14.126029 #21104]  INFO -- : 0:  pg (0.17.0) from /Users/wil/.rvm/gems/ruby-2.0.0-p195@fantasysports/specifications/pg-0.17.0.gemspec
I, [2014-01-02T14:21:14.126198 #21104]  INFO -- : 0:  slop (3.4.6) from /Users/wil/.rvm/gems/ruby-2.0.0-p195@fantasysports/specifications/slop-3.4.6.gemspec
I, [2014-01-02T14:21:14.126365 #21104]  INFO -- : 0:  pry (0.9.12.2) from /Users/wil/.rvm/gems/ruby-2.0.0-p195@fantasysports/specifications/pry-0.9.12.2.gemspec
I, [2014-01-02T14:21:14.126535 #21104]  INFO -- : 0:  puma (2.6.0) from /Users/wil/.rvm/gems/ruby-2.0.0-p195@fantasysports/specifications/puma-2.6.0.gemspec
I, [2014-01-02T14:21:14.126718 #21104]  INFO -- : 0:  quiet_assets (1.0.2) from /Users/wil/.rvm/gems/ruby-2.0.0-p195@fantasysports/specifications/quiet_assets-1.0.2.gemspec
I, [2014-01-02T14:21:14.126888 #21104]  INFO -- : 0:  ref (1.0.5) from /Users/wil/.rvm/gems/ruby-2.0.0-p195@fantasysports/specifications/ref-1.0.5.gemspec
I, [2014-01-02T14:21:14.127060 #21104]  INFO -- : 0:  skeuocard-rails (1.0.3) from /Users/wil/.rvm/gems/ruby-2.0.0-p195@fantasysports/specifications/skeuocard-rails-1.0.3.gemspec
I, [2014-01-02T14:21:14.127229 #21104]  INFO -- : 0:  terminal-table (1.4.5) from /Users/wil/.rvm/gems/ruby-2.0.0-p195@fantasysports/specifications/terminal-table-1.4.5.gemspec
I, [2014-01-02T14:21:14.127398 #21104]  INFO -- : 0:  therubyracer (0.12.0) from /Users/wil/.rvm/gems/ruby-2.0.0-p195@fantasysports/specifications/therubyracer-0.12.0.gemspec
I, [2014-01-02T14:21:14.127571 #21104]  INFO -- : 0:  twitter-bootstrap-rails (2.2.8) from /Users/wil/.rvm/gems/ruby-2.0.0-p195@fantasysports/specifications/twitter-bootstrap-rails-2.2.8.gemspec
I, [2014-01-02T14:21:14.127786 #21104]  INFO -- : 0:  typhoeus (0.6.5) from /Users/wil/.rvm/gems/ruby-2.0.0-p195@fantasysports/specifications/typhoeus-0.6.5.gemspec
I, [2014-01-02T14:21:14.127989 #21104]  INFO -- : 0:  uglifier (2.2.1) from /Users/wil/.rvm/gems/ruby-2.0.0-p195@fantasysports/specifications/uglifier-2.2.1.gemspec
I, [2014-01-02T14:21:14.128191 #21104]  INFO -- : 0:  venice (0.2.0) from /Users/wil/.rvm/gems/ruby-2.0.0-p195@fantasysports/specifications/venice-0.2.0.gemspec
I, [2014-01-02T14:40:01.503251 #22070]  INFO -- : 0:  rake (10.1.0) from /Users/wil/.rvm/gems/ruby-2.0.0-p195@fantasysports/specifications/rake-10.1.0.gemspec
I, [2014-01-02T14:40:01.504032 #22070]  INFO -- : 0:  i18n (0.6.5) from /Users/wil/.rvm/gems/ruby-2.0.0-p195@fantasysports/specifications/i18n-0.6.5.gemspec
I, [2014-01-02T14:40:01.504264 #22070]  INFO -- : 0:  minitest (4.7.5) from /Users/wil/.rvm/gems/ruby-2.0.0-p195@fantasysports/specifications/minitest-4.7.5.gemspec
I, [2014-01-02T14:40:01.504442 #22070]  INFO -- : 0:  multi_json (1.8.1) from /Users/wil/.rvm/gems/ruby-2.0.0-p195@fantasysports/specifications/multi_json-1.8.1.gemspec
I, [2014-01-02T14:40:01.504656 #22070]  INFO -- : 0:  atomic (1.1.14) from /Users/wil/.rvm/gems/ruby-2.0.0-p195@fantasysports/specifications/atomic-1.1.14.gemspec
I, [2014-01-02T14:40:01.504838 #22070]  INFO -- : 0:  thread_safe (0.1.3) from /Users/wil/.rvm/gems/ruby-2.0.0-p195@fantasysports/specifications/thread_safe-0.1.3.gemspec
I, [2014-01-02T14:40:01.505024 #22070]  INFO -- : 0:  tzinfo (0.3.38) from /Users/wil/.rvm/gems/ruby-2.0.0-p195@fantasysports/specifications/tzinfo-0.3.38.gemspec
I, [2014-01-02T14:40:01.505204 #22070]  INFO -- : 0:  activesupport (4.0.0) from /Users/wil/.rvm/gems/ruby-2.0.0-p195@fantasysports/specifications/activesupport-4.0.0.gemspec
I, [2014-01-02T14:40:01.505376 #22070]  INFO -- : 0:  builder (3.1.4) from /Users/wil/.rvm/gems/ruby-2.0.0-p195@fantasysports/specifications/builder-3.1.4.gemspec
I, [2014-01-02T14:40:01.505538 #22070]  INFO -- : 0:  erubis (2.7.0) from /Users/wil/.rvm/gems/ruby-2.0.0-p195@fantasysports/specifications/erubis-2.7.0.gemspec
I, [2014-01-02T14:40:01.505708 #22070]  INFO -- : 0:  rack (1.5.2) from /Users/wil/.rvm/gems/ruby-2.0.0-p195@fantasysports/specifications/rack-1.5.2.gemspec
I, [2014-01-02T14:40:01.505879 #22070]  INFO -- : 0:  rack-test (0.6.2) from /Users/wil/.rvm/gems/ruby-2.0.0-p195@fantasysports/specifications/rack-test-0.6.2.gemspec
I, [2014-01-02T14:40:01.506048 #22070]  INFO -- : 0:  actionpack (4.0.0) from /Users/wil/.rvm/gems/ruby-2.0.0-p195@fantasysports/specifications/actionpack-4.0.0.gemspec
I, [2014-01-02T14:40:01.506219 #22070]  INFO -- : 0:  mime-types (1.25) from /Users/wil/.rvm/gems/ruby-2.0.0-p195@fantasysports/specifications/mime-types-1.25.gemspec
I, [2014-01-02T14:40:01.506387 #22070]  INFO -- : 0:  polyglot (0.3.3) from /Users/wil/.rvm/gems/ruby-2.0.0-p195@fantasysports/specifications/polyglot-0.3.3.gemspec
I, [2014-01-02T14:40:01.506555 #22070]  INFO -- : 0:  treetop (1.4.15) from /Users/wil/.rvm/gems/ruby-2.0.0-p195@fantasysports/specifications/treetop-1.4.15.gemspec
I, [2014-01-02T14:40:01.506743 #22070]  INFO -- : 0:  mail (2.5.4) from /Users/wil/.rvm/gems/ruby-2.0.0-p195@fantasysports/specifications/mail-2.5.4.gemspec
I, [2014-01-02T14:40:01.506915 #22070]  INFO -- : 0:  actionmailer (4.0.0) from /Users/wil/.rvm/gems/ruby-2.0.0-p195@fantasysports/specifications/actionmailer-4.0.0.gemspec
I, [2014-01-02T14:40:01.507085 #22070]  INFO -- : 0:  activemodel (4.0.0) from /Users/wil/.rvm/gems/ruby-2.0.0-p195@fantasysports/specifications/activemodel-4.0.0.gemspec
I, [2014-01-02T14:40:01.507258 #22070]  INFO -- : 0:  active_model_serializers (0.8.1) from /Users/wil/.rvm/gems/ruby-2.0.0-p195@fantasysports/specifications/active_model_serializers-0.8.1.gemspec
I, [2014-01-02T14:40:01.507418 #22070]  INFO -- : 0:  arbre (1.0.1) from /Users/wil/.rvm/gems/ruby-2.0.0-p195@fantasysports/specifications/arbre-1.0.1.gemspec
I, [2014-01-02T14:40:01.507587 #22070]  INFO -- : 0:  sass (3.2.12) from /Users/wil/.rvm/gems/ruby-2.0.0-p195@fantasysports/specifications/sass-3.2.12.gemspec
I, [2014-01-02T14:40:01.507758 #22070]  INFO -- : 0:  thor (0.18.1) from /Users/wil/.rvm/gems/ruby-2.0.0-p195@fantasysports/specifications/thor-0.18.1.gemspec
I, [2014-01-02T14:40:01.507929 #22070]  INFO -- : 0:  bourbon (3.1.8) from /Users/wil/.rvm/gems/ruby-2.0.0-p195@fantasysports/specifications/bourbon-3.1.8.gemspec
I, [2014-01-02T14:40:01.508100 #22070]  INFO -- : 0:  coffee-script-source (1.6.3) from /Users/wil/.rvm/gems/ruby-2.0.0-p195@fantasysports/specifications/coffee-script-source-1.6.3.gemspec
I, [2014-01-02T14:40:01.508269 #22070]  INFO -- : 0:  execjs (2.0.2) from /Users/wil/.rvm/gems/ruby-2.0.0-p195@fantasysports/specifications/execjs-2.0.2.gemspec
I, [2014-01-02T14:40:01.508428 #22070]  INFO -- : 0:  coffee-script (2.2.0) from /Users/wil/.rvm/gems/ruby-2.0.0-p195@fantasysports/specifications/coffee-script-2.2.0.gemspec
I, [2014-01-02T14:40:01.508597 #22070]  INFO -- : 0:  railties (4.0.0) from /Users/wil/.rvm/gems/ruby-2.0.0-p195@fantasysports/specifications/railties-4.0.0.gemspec
I, [2014-01-02T14:40:01.508767 #22070]  INFO -- : 0:  coffee-rails (4.0.0) from /Users/wil/.rvm/gems/ruby-2.0.0-p195@fantasysports/specifications/coffee-rails-4.0.0.gemspec
I, [2014-01-02T14:40:01.508940 #22070]  INFO -- : 0:  bcrypt-ruby (3.1.2) from /Users/wil/.rvm/gems/ruby-2.0.0-p195@fantasysports/specifications/bcrypt-ruby-3.1.2.gemspec
I, [2014-01-02T14:40:01.509118 #22070]  INFO -- : 0:  orm_adapter (0.4.0) from /Users/wil/.rvm/gems/ruby-2.0.0-p195@fantasysports/specifications/orm_adapter-0.4.0.gemspec
I, [2014-01-02T14:40:01.509289 #22070]  INFO -- : 0:  warden (1.2.3) from /Users/wil/.rvm/gems/ruby-2.0.0-p195@fantasysports/specifications/warden-1.2.3.gemspec
I, [2014-01-02T14:40:01.509447 #22070]  INFO -- : 0:  devise (3.1.1) from /Users/wil/.rvm/gems/ruby-2.0.0-p195@fantasysports/specifications/devise-3.1.1.gemspec
I, [2014-01-02T14:40:01.509616 #22070]  INFO -- : 0:  formtastic (2.3.0.rc2) from /Users/wil/.rvm/gems/ruby-2.0.0-p195@fantasysports/specifications/formtastic-2.3.0.rc2.gemspec
I, [2014-01-02T14:40:01.509786 #22070]  INFO -- : 0:  has_scope (0.6.0.rc) from /Users/wil/.rvm/gems/ruby-2.0.0-p195@fantasysports/specifications/has_scope-0.6.0.rc.gemspec
I, [2014-01-02T14:40:01.509958 #22070]  INFO -- : 0:  responders (1.0.0) from /Users/wil/.rvm/gems/ruby-2.0.0-p195@fantasysports/specifications/responders-1.0.0.gemspec
I, [2014-01-02T14:40:01.510129 #22070]  INFO -- : 0:  inherited_resources (1.4.1) from /Users/wil/.rvm/gems/ruby-2.0.0-p195@fantasysports/specifications/inherited_resources-1.4.1.gemspec
I, [2014-01-02T14:40:01.510285 #22070]  INFO -- : 0:  jquery-rails (3.0.4) from /Users/wil/.rvm/gems/ruby-2.0.0-p195@fantasysports/specifications/jquery-rails-3.0.4.gemspec
I, [2014-01-02T14:40:01.510472 #22070]  INFO -- : 0:  jquery-ui-rails (4.0.5) from /Users/wil/.rvm/gems/ruby-2.0.0-p195@fantasysports/specifications/jquery-ui-rails-4.0.5.gemspec
I, [2014-01-02T14:40:01.510642 #22070]  INFO -- : 0:  kaminari (0.14.1) from /Users/wil/.rvm/gems/ruby-2.0.0-p195@fantasysports/specifications/kaminari-0.14.1.gemspec
I, [2014-01-02T14:40:01.510827 #22070]  INFO -- : 0:  activerecord-deprecated_finders (1.0.3) from /Users/wil/.rvm/gems/ruby-2.0.0-p195@fantasysports/specifications/activerecord-deprecated_finders-1.0.3.gemspec
I, [2014-01-02T14:40:01.511027 #22070]  INFO -- : 0:  arel (4.0.0) from /Users/wil/.rvm/gems/ruby-2.0.0-p195@fantasysports/specifications/arel-4.0.0.gemspec
I, [2014-01-02T14:40:01.511197 #22070]  INFO -- : 0:  activerecord (4.0.0) from /Users/wil/.rvm/gems/ruby-2.0.0-p195@fantasysports/specifications/activerecord-4.0.0.gemspec
I, [2014-01-02T14:40:01.511349 #22070]  INFO -- : 0:  bundler (1.5.1) from /Users/wil/.rvm/gems/ruby-2.0.0-p195@fantasysports/specifications/bundler-1.5.1.gemspec
I, [2014-01-02T14:40:01.511517 #22070]  INFO -- : 0:  hike (1.2.3) from /Users/wil/.rvm/gems/ruby-2.0.0-p195@fantasysports/specifications/hike-1.2.3.gemspec
I, [2014-01-02T14:40:01.511685 #22070]  INFO -- : 0:  tilt (1.4.1) from /Users/wil/.rvm/gems/ruby-2.0.0-p195@fantasysports/specifications/tilt-1.4.1.gemspec
I, [2014-01-02T14:40:01.511854 #22070]  INFO -- : 0:  sprockets (2.10.0) from /Users/wil/.rvm/gems/ruby-2.0.0-p195@fantasysports/specifications/sprockets-2.10.0.gemspec
I, [2014-01-02T14:40:01.512020 #22070]  INFO -- : 0:  sprockets-rails (2.0.0) from /Users/wil/.rvm/gems/ruby-2.0.0-p195@fantasysports/specifications/sprockets-rails-2.0.0.gemspec
I, [2014-01-02T14:40:01.512187 #22070]  INFO -- : 0:  rails (4.0.0) from /Users/wil/.rvm/gems/ruby-2.0.0-p195@fantasysports/specifications/rails-4.0.0.gemspec
I, [2014-01-02T14:40:01.512344 #22070]  INFO -- : 0:  polyamorous (0.6.4) from /Users/wil/.rvm/gems/ruby-2.0.0-p195@fantasysports/specifications/polyamorous-0.6.4.gemspec
I, [2014-01-02T14:40:01.512512 #22070]  INFO -- : 0:  ransack (1.0.0) from /Users/wil/.rvm/gems/ruby-2.0.0-p195@fantasysports/specifications/ransack-1.0.0.gemspec
I, [2014-01-02T14:40:01.512681 #22070]  INFO -- : 0:  sass-rails (4.0.0) from /Users/wil/.rvm/gems/ruby-2.0.0-p195@fantasysports/specifications/sass-rails-4.0.0.gemspec
I, [2014-01-02T14:40:01.974878 #22070]  INFO -- : 0:  activeadmin (0.6.1) from /Users/wil/.rvm/gems/ruby-2.0.0-p195@fantasysports/bundler/gems/active_admin-9f6b03030667/activeadmin.gemspec
I, [2014-01-02T14:40:01.975211 #22070]  INFO -- : 0:  attr_required (0.0.5) from /Users/wil/.rvm/gems/ruby-2.0.0-p195@fantasysports/specifications/attr_required-0.0.5.gemspec
I, [2014-01-02T14:40:01.975406 #22070]  INFO -- : 0:  json (1.7.7) from /Users/wil/.rvm/rubies/ruby-2.0.0-p247/lib/ruby/gems/2.0.0/specifications/default/json-1.7.7.gemspec
I, [2014-01-02T14:40:01.975606 #22070]  INFO -- : 0:  mini_portile (0.5.1) from /Users/wil/.rvm/gems/ruby-2.0.0-p195@fantasysports/specifications/mini_portile-0.5.1.gemspec
I, [2014-01-02T14:40:01.975783 #22070]  INFO -- : 0:  nokogiri (1.6.0) from /Users/wil/.rvm/gems/ruby-2.0.0-p195@fantasysports/specifications/nokogiri-1.6.0.gemspec
I, [2014-01-02T14:40:01.975952 #22070]  INFO -- : 0:  uuidtools (2.1.4) from /Users/wil/.rvm/gems/ruby-2.0.0-p195@fantasysports/specifications/uuidtools-2.1.4.gemspec
I, [2014-01-02T14:40:01.976125 #22070]  INFO -- : 0:  aws-sdk (1.11.1) from /Users/wil/.rvm/gems/ruby-2.0.0-p195@fantasysports/specifications/aws-sdk-1.11.1.gemspec
I, [2014-01-02T14:40:01.976292 #22070]  INFO -- : 0:  highline (1.6.19) from /Users/wil/.rvm/gems/ruby-2.0.0-p195@fantasysports/specifications/highline-1.6.19.gemspec
I, [2014-01-02T14:40:01.976458 #22070]  INFO -- : 0:  net-ssh (2.7.0) from /Users/wil/.rvm/gems/ruby-2.0.0-p195@fantasysports/specifications/net-ssh-2.7.0.gemspec
I, [2014-01-02T14:40:01.976624 #22070]  INFO -- : 0:  net-scp (1.1.2) from /Users/wil/.rvm/gems/ruby-2.0.0-p195@fantasysports/specifications/net-scp-1.1.2.gemspec
I, [2014-01-02T14:40:01.976792 #22070]  INFO -- : 0:  net-sftp (2.1.2) from /Users/wil/.rvm/gems/ruby-2.0.0-p195@fantasysports/specifications/net-sftp-2.1.2.gemspec
I, [2014-01-02T14:40:01.976962 #22070]  INFO -- : 0:  net-ssh-gateway (1.2.0) from /Users/wil/.rvm/gems/ruby-2.0.0-p195@fantasysports/specifications/net-ssh-gateway-1.2.0.gemspec
I, [2014-01-02T14:40:01.977141 #22070]  INFO -- : 0:  capistrano (2.15.5) from /Users/wil/.rvm/gems/ruby-2.0.0-p195@fantasysports/specifications/capistrano-2.15.5.gemspec
I, [2014-01-02T14:40:01.977305 #22070]  INFO -- : 0:  carrierwave (0.9.0) from /Users/wil/.rvm/gems/ruby-2.0.0-p195@fantasysports/specifications/carrierwave-0.9.0.gemspec
I, [2014-01-02T14:40:01.977472 #22070]  INFO -- : 0:  mixlib-log (1.6.0) from /Users/wil/.rvm/gems/ruby-2.0.0-p195@fantasysports/specifications/mixlib-log-1.6.0.gemspec
I, [2014-01-02T14:40:01.977636 #22070]  INFO -- : 0:  mixlib-authentication (1.3.0) from /Users/wil/.rvm/gems/ruby-2.0.0-p195@fantasysports/specifications/mixlib-authentication-1.3.0.gemspec
I, [2014-01-02T14:40:01.977804 #22070]  INFO -- : 0:  mixlib-cli (1.3.0) from /Users/wil/.rvm/gems/ruby-2.0.0-p195@fantasysports/specifications/mixlib-cli-1.3.0.gemspec
I, [2014-01-02T14:40:01.977960 #22070]  INFO -- : 0:  mixlib-config (1.1.2) from /Users/wil/.rvm/gems/ruby-2.0.0-p195@fantasysports/specifications/mixlib-config-1.1.2.gemspec
I, [2014-01-02T14:40:01.978118 #22070]  INFO -- : 0:  mixlib-shellout (1.2.0) from /Users/wil/.rvm/gems/ruby-2.0.0-p195@fantasysports/specifications/mixlib-shellout-1.2.0.gemspec
I, [2014-01-02T14:40:01.978276 #22070]  INFO -- : 0:  net-ssh-multi (1.1) from /Users/wil/.rvm/gems/ruby-2.0.0-p195@fantasysports/specifications/net-ssh-multi-1.1.gemspec
I, [2014-01-02T14:40:01.978435 #22070]  INFO -- : 0:  ipaddress (0.8.0) from /Users/wil/.rvm/gems/ruby-2.0.0-p195@fantasysports/specifications/ipaddress-0.8.0.gemspec
I, [2014-01-02T14:40:01.978592 #22070]  INFO -- : 0:  systemu (2.5.2) from /Users/wil/.rvm/gems/ruby-2.0.0-p195@fantasysports/specifications/systemu-2.5.2.gemspec
I, [2014-01-02T14:40:01.978754 #22070]  INFO -- : 0:  yajl-ruby (1.1.0) from /Users/wil/.rvm/gems/ruby-2.0.0-p195@fantasysports/specifications/yajl-ruby-1.1.0.gemspec
I, [2014-01-02T14:40:01.978913 #22070]  INFO -- : 0:  ohai (6.18.0) from /Users/wil/.rvm/gems/ruby-2.0.0-p195@fantasysports/specifications/ohai-6.18.0.gemspec
I, [2014-01-02T14:40:01.979070 #22070]  INFO -- : 0:  rest-client (1.6.7) from /Users/wil/.rvm/gems/ruby-2.0.0-p195@fantasysports/specifications/rest-client-1.6.7.gemspec
I, [2014-01-02T14:40:01.979228 #22070]  INFO -- : 0:  chef (11.6.2) from /Users/wil/.rvm/gems/ruby-2.0.0-p195@fantasysports/specifications/chef-11.6.2.gemspec
I, [2014-01-02T14:40:01.979384 #22070]  INFO -- : 0:  coderay (1.0.9) from /Users/wil/.rvm/gems/ruby-2.0.0-p195@fantasysports/specifications/coderay-1.0.9.gemspec
I, [2014-01-02T14:40:01.979541 #22070]  INFO -- : 0:  columnize (0.3.6) from /Users/wil/.rvm/gems/ruby-2.0.0-p195@fantasysports/specifications/columnize-0.3.6.gemspec
I, [2014-01-02T14:40:01.979697 #22070]  INFO -- : 0:  commander (4.1.5) from /Users/wil/.rvm/gems/ruby-2.0.0-p195@fantasysports/specifications/commander-4.1.5.gemspec
I, [2014-01-02T14:40:01.979852 #22070]  INFO -- : 0:  commonjs (0.2.7) from /Users/wil/.rvm/gems/ruby-2.0.0-p195@fantasysports/specifications/commonjs-0.2.7.gemspec
I, [2014-01-02T14:40:01.980008 #22070]  INFO -- : 0:  debugger-linecache (1.2.0) from /Users/wil/.rvm/gems/ruby-2.0.0-p195@fantasysports/specifications/debugger-linecache-1.2.0.gemspec
I, [2014-01-02T14:40:01.980205 #22070]  INFO -- : 0:  debugger-ruby_core_source (1.2.3) from /Users/wil/.rvm/gems/ruby-2.0.0-p195@fantasysports/specifications/debugger-ruby_core_source-1.2.3.gemspec
I, [2014-01-02T14:40:01.980410 #22070]  INFO -- : 0:  debugger (1.6.2) from /Users/wil/.rvm/gems/ruby-2.0.0-p195@fantasysports/specifications/debugger-1.6.2.gemspec
I, [2014-01-02T14:40:01.980573 #22070]  INFO -- : 0:  descriptive-statistics (2.1.0) from /Users/wil/.rvm/gems/ruby-2.0.0-p195@fantasysports/specifications/descriptive-statistics-2.1.0.gemspec
I, [2014-01-02T14:40:01.980731 #22070]  INFO -- : 0:  ffi (1.9.0) from /Users/wil/.rvm/gems/ruby-2.0.0-p195@fantasysports/specifications/ffi-1.9.0.gemspec
I, [2014-01-02T14:40:01.981046 #22070]  INFO -- : 0:  ethon (0.6.1) from /Users/wil/.rvm/gems/ruby-2.0.0-p195@fantasysports/specifications/ethon-0.6.1.gemspec
I, [2014-01-02T14:40:01.981291 #22070]  INFO -- : 0:  excon (0.25.3) from /Users/wil/.rvm/gems/ruby-2.0.0-p195@fantasysports/specifications/excon-0.25.3.gemspec
I, [2014-01-02T14:40:01.981503 #22070]  INFO -- : 0:  factory_girl (4.2.0) from /Users/wil/.rvm/gems/ruby-2.0.0-p195@fantasysports/specifications/factory_girl-4.2.0.gemspec
I, [2014-01-02T14:40:01.981719 #22070]  INFO -- : 0:  factory_girl_rails (4.2.1) from /Users/wil/.rvm/gems/ruby-2.0.0-p195@fantasysports/specifications/factory_girl_rails-4.2.1.gemspec
I, [2014-01-02T14:40:01.981925 #22070]  INFO -- : 0:  multipart-post (1.2.0) from /Users/wil/.rvm/gems/ruby-2.0.0-p195@fantasysports/specifications/multipart-post-1.2.0.gemspec
I, [2014-01-02T14:40:01.982133 #22070]  INFO -- : 0:  faraday (0.8.8) from /Users/wil/.rvm/gems/ruby-2.0.0-p195@fantasysports/specifications/faraday-0.8.8.gemspec
I, [2014-01-02T14:40:01.982336 #22070]  INFO -- : 0:  formatador (0.2.4) from /Users/wil/.rvm/gems/ruby-2.0.0-p195@fantasysports/specifications/formatador-0.2.4.gemspec
I, [2014-01-02T14:40:01.982539 #22070]  INFO -- : 0:  ruby-hmac (0.4.0) from /Users/wil/.rvm/gems/ruby-2.0.0-p195@fantasysports/specifications/ruby-hmac-0.4.0.gemspec
I, [2014-01-02T14:40:01.982788 #22070]  INFO -- : 0:  fog (1.15.0) from /Users/wil/.rvm/gems/ruby-2.0.0-p195@fantasysports/specifications/fog-1.15.0.gemspec
I, [2014-01-02T14:40:01.983007 #22070]  INFO -- : 0:  god (0.13.3) from /Users/wil/.rvm/gems/ruby-2.0.0-p195@fantasysports/specifications/god-0.13.3.gemspec
I, [2014-01-02T14:40:01.983217 #22070]  INFO -- : 0:  hashie (2.0.5) from /Users/wil/.rvm/gems/ruby-2.0.0-p195@fantasysports/specifications/hashie-2.0.5.gemspec
I, [2014-01-02T14:40:01.983427 #22070]  INFO -- : 0:  honeybadger (1.10.1) from /Users/wil/.rvm/gems/ruby-2.0.0-p195@fantasysports/specifications/honeybadger-1.10.1.gemspec
I, [2014-01-02T14:40:01.983636 #22070]  INFO -- : 0:  httpauth (0.2.0) from /Users/wil/.rvm/gems/ruby-2.0.0-p195@fantasysports/specifications/httpauth-0.2.0.gemspec
I, [2014-01-02T14:40:01.983893 #22070]  INFO -- : 0:  httpclient (2.3.4.1) from /Users/wil/.rvm/gems/ruby-2.0.0-p195@fantasysports/specifications/httpclient-2.3.4.1.gemspec
I, [2014-01-02T14:40:01.984100 #22070]  INFO -- : 0:  jbuilder (1.5.2) from /Users/wil/.rvm/gems/ruby-2.0.0-p195@fantasysports/specifications/jbuilder-1.5.2.gemspec
I, [2014-01-02T14:40:01.984305 #22070]  INFO -- : 0:  jwt (0.1.8) from /Users/wil/.rvm/gems/ruby-2.0.0-p195@fantasysports/specifications/jwt-0.1.8.gemspec
I, [2014-01-02T14:40:01.984510 #22070]  INFO -- : 0:  knife-ec2 (0.6.4) from /Users/wil/.rvm/gems/ruby-2.0.0-p195@fantasysports/specifications/knife-ec2-0.6.4.gemspec
I, [2014-01-02T14:40:01.984712 #22070]  INFO -- : 0:  less (2.4.0) from /Users/wil/.rvm/gems/ruby-2.0.0-p195@fantasysports/specifications/less-2.4.0.gemspec
I, [2014-01-02T14:40:01.984915 #22070]  INFO -- : 0:  less-rails (2.4.2) from /Users/wil/.rvm/gems/ruby-2.0.0-p195@fantasysports/specifications/less-rails-2.4.2.gemspec
I, [2014-01-02T14:40:01.985140 #22070]  INFO -- : 0:  libv8 (3.16.14.3) from /Users/wil/.rvm/gems/ruby-2.0.0-p195@fantasysports/specifications/libv8-3.16.14.3-x86_64-darwin-13.gemspec
I, [2014-01-02T14:40:01.985343 #22070]  INFO -- : 0:  metaclass (0.0.1) from /Users/wil/.rvm/gems/ruby-2.0.0-p195@fantasysports/specifications/metaclass-0.0.1.gemspec
I, [2014-01-02T14:40:01.985543 #22070]  INFO -- : 0:  method_source (0.8.2) from /Users/wil/.rvm/gems/ruby-2.0.0-p195@fantasysports/specifications/method_source-0.8.2.gemspec
I, [2014-01-02T14:40:01.985744 #22070]  INFO -- : 0:  subexec (0.2.3) from /Users/wil/.rvm/gems/ruby-2.0.0-p195@fantasysports/specifications/subexec-0.2.3.gemspec
I, [2014-01-02T14:40:01.985946 #22070]  INFO -- : 0:  mini_magick (3.6.0) from /Users/wil/.rvm/gems/ruby-2.0.0-p195@fantasysports/specifications/mini_magick-3.6.0.gemspec
I, [2014-01-02T14:40:01.986112 #22070]  INFO -- : 0:  mocha (0.14.0) from /Users/wil/.rvm/gems/ruby-2.0.0-p195@fantasysports/specifications/mocha-0.14.0.gemspec
I, [2014-01-02T14:40:01.986290 #22070]  INFO -- : 0:  protected_attributes (1.0.3) from /Users/wil/.rvm/gems/ruby-2.0.0-p195@fantasysports/specifications/protected_attributes-1.0.3.gemspec
I, [2014-01-02T14:40:01.986453 #22070]  INFO -- : 0:  rack-oauth2 (1.0.5) from /Users/wil/.rvm/gems/ruby-2.0.0-p195@fantasysports/specifications/rack-oauth2-1.0.5.gemspec
I, [2014-01-02T14:40:01.986619 #22070]  INFO -- : 0:  mustwin_devise_oauth2_providable (1.1.6) from /Users/wil/.rvm/gems/ruby-2.0.0-p195@fantasysports/specifications/mustwin_devise_oauth2_providable-1.1.6.gemspec
I, [2014-01-02T14:40:01.986799 #22070]  INFO -- : 0:  oauth2 (0.8.1) from /Users/wil/.rvm/gems/ruby-2.0.0-p195@fantasysports/specifications/oauth2-0.8.1.gemspec
I, [2014-01-02T14:40:01.986977 #22070]  INFO -- : 0:  omniauth (1.1.4) from /Users/wil/.rvm/gems/ruby-2.0.0-p195@fantasysports/specifications/omniauth-1.1.4.gemspec
I, [2014-01-02T14:40:01.987153 #22070]  INFO -- : 0:  omniauth-oauth2 (1.1.1) from /Users/wil/.rvm/gems/ruby-2.0.0-p195@fantasysports/specifications/omniauth-oauth2-1.1.1.gemspec
I, [2014-01-02T14:40:01.987327 #22070]  INFO -- : 0:  omniauth-facebook (1.4.1) from /Users/wil/.rvm/gems/ruby-2.0.0-p195@fantasysports/specifications/omniauth-facebook-1.4.1.gemspec
I, [2014-01-02T14:40:01.987502 #22070]  INFO -- : 0:  omniauth-facebook-access-token (0.1.3) from /Users/wil/.rvm/gems/ruby-2.0.0-p195@fantasysports/specifications/omniauth-facebook-access-token-0.1.3.gemspec
I, [2014-01-02T14:40:01.987676 #22070]  INFO -- : 0:  xml-simple (1.1.2) from /Users/wil/.rvm/gems/ruby-2.0.0-p195@fantasysports/specifications/xml-simple-1.1.2.gemspec
I, [2014-01-02T14:40:01.987849 #22070]  INFO -- : 0:  paypal-sdk-core (0.2.6) from /Users/wil/.rvm/gems/ruby-2.0.0-p195@fantasysports/specifications/paypal-sdk-core-0.2.6.gemspec
I, [2014-01-02T14:40:01.988021 #22070]  INFO -- : 0:  paypal-sdk-adaptivepayments (1.105.0) from /Users/wil/.rvm/gems/ruby-2.0.0-p195@fantasysports/specifications/paypal-sdk-adaptivepayments-1.105.0.gemspec
I, [2014-01-02T14:40:01.988192 #22070]  INFO -- : 0:  paypal-sdk-rest (0.6.0) from /Users/wil/.rvm/gems/ruby-2.0.0-p195@fantasysports/specifications/paypal-sdk-rest-0.6.0.gemspec
I, [2014-01-02T14:40:01.988362 #22070]  INFO -- : 0:  pg (0.17.0) from /Users/wil/.rvm/gems/ruby-2.0.0-p195@fantasysports/specifications/pg-0.17.0.gemspec
I, [2014-01-02T14:40:01.988532 #22070]  INFO -- : 0:  slop (3.4.6) from /Users/wil/.rvm/gems/ruby-2.0.0-p195@fantasysports/specifications/slop-3.4.6.gemspec
I, [2014-01-02T14:40:01.988702 #22070]  INFO -- : 0:  pry (0.9.12.2) from /Users/wil/.rvm/gems/ruby-2.0.0-p195@fantasysports/specifications/pry-0.9.12.2.gemspec
I, [2014-01-02T14:40:01.988871 #22070]  INFO -- : 0:  puma (2.6.0) from /Users/wil/.rvm/gems/ruby-2.0.0-p195@fantasysports/specifications/puma-2.6.0.gemspec
I, [2014-01-02T14:40:01.989044 #22070]  INFO -- : 0:  quiet_assets (1.0.2) from /Users/wil/.rvm/gems/ruby-2.0.0-p195@fantasysports/specifications/quiet_assets-1.0.2.gemspec
I, [2014-01-02T14:40:01.989214 #22070]  INFO -- : 0:  ref (1.0.5) from /Users/wil/.rvm/gems/ruby-2.0.0-p195@fantasysports/specifications/ref-1.0.5.gemspec
I, [2014-01-02T14:40:01.989384 #22070]  INFO -- : 0:  skeuocard-rails (1.0.3) from /Users/wil/.rvm/gems/ruby-2.0.0-p195@fantasysports/specifications/skeuocard-rails-1.0.3.gemspec
I, [2014-01-02T14:40:01.989555 #22070]  INFO -- : 0:  terminal-table (1.4.5) from /Users/wil/.rvm/gems/ruby-2.0.0-p195@fantasysports/specifications/terminal-table-1.4.5.gemspec
I, [2014-01-02T14:40:01.989727 #22070]  INFO -- : 0:  therubyracer (0.12.0) from /Users/wil/.rvm/gems/ruby-2.0.0-p195@fantasysports/specifications/therubyracer-0.12.0.gemspec
I, [2014-01-02T14:40:01.989901 #22070]  INFO -- : 0:  twitter-bootstrap-rails (2.2.8) from /Users/wil/.rvm/gems/ruby-2.0.0-p195@fantasysports/specifications/twitter-bootstrap-rails-2.2.8.gemspec
I, [2014-01-02T14:40:01.990075 #22070]  INFO -- : 0:  typhoeus (0.6.5) from /Users/wil/.rvm/gems/ruby-2.0.0-p195@fantasysports/specifications/typhoeus-0.6.5.gemspec
I, [2014-01-02T14:40:01.990247 #22070]  INFO -- : 0:  uglifier (2.2.1) from /Users/wil/.rvm/gems/ruby-2.0.0-p195@fantasysports/specifications/uglifier-2.2.1.gemspec
I, [2014-01-02T14:40:01.990435 #22070]  INFO -- : 0:  venice (0.2.0) from /Users/wil/.rvm/gems/ruby-2.0.0-p195@fantasysports/specifications/venice-0.2.0.gemspec
I, [2014-01-07T22:47:04.786373 #44046]  INFO -- : 0:  rake (10.1.0) from /Users/wil/.rvm/gems/ruby-2.0.0-p195@fantasysports/specifications/rake-10.1.0.gemspec
I, [2014-01-07T22:47:04.787063 #44046]  INFO -- : 0:  i18n (0.6.5) from /Users/wil/.rvm/gems/ruby-2.0.0-p195@fantasysports/specifications/i18n-0.6.5.gemspec
I, [2014-01-07T22:47:04.787417 #44046]  INFO -- : 0:  minitest (4.7.5) from /Users/wil/.rvm/gems/ruby-2.0.0-p195@fantasysports/specifications/minitest-4.7.5.gemspec
I, [2014-01-07T22:47:04.787712 #44046]  INFO -- : 0:  multi_json (1.8.1) from /Users/wil/.rvm/gems/ruby-2.0.0-p195@fantasysports/specifications/multi_json-1.8.1.gemspec
I, [2014-01-07T22:47:04.788009 #44046]  INFO -- : 0:  atomic (1.1.14) from /Users/wil/.rvm/gems/ruby-2.0.0-p195@fantasysports/specifications/atomic-1.1.14.gemspec
I, [2014-01-07T22:47:04.788304 #44046]  INFO -- : 0:  thread_safe (0.1.3) from /Users/wil/.rvm/gems/ruby-2.0.0-p195@fantasysports/specifications/thread_safe-0.1.3.gemspec
I, [2014-01-07T22:47:04.788652 #44046]  INFO -- : 0:  tzinfo (0.3.38) from /Users/wil/.rvm/gems/ruby-2.0.0-p195@fantasysports/specifications/tzinfo-0.3.38.gemspec
I, [2014-01-07T22:47:04.788926 #44046]  INFO -- : 0:  activesupport (4.0.0) from /Users/wil/.rvm/gems/ruby-2.0.0-p195@fantasysports/specifications/activesupport-4.0.0.gemspec
I, [2014-01-07T22:47:04.789198 #44046]  INFO -- : 0:  builder (3.1.4) from /Users/wil/.rvm/gems/ruby-2.0.0-p195@fantasysports/specifications/builder-3.1.4.gemspec
I, [2014-01-07T22:47:04.789464 #44046]  INFO -- : 0:  erubis (2.7.0) from /Users/wil/.rvm/gems/ruby-2.0.0-p195@fantasysports/specifications/erubis-2.7.0.gemspec
I, [2014-01-07T22:47:04.789773 #44046]  INFO -- : 0:  rack (1.5.2) from /Users/wil/.rvm/gems/ruby-2.0.0-p195@fantasysports/specifications/rack-1.5.2.gemspec
I, [2014-01-07T22:47:04.790080 #44046]  INFO -- : 0:  rack-test (0.6.2) from /Users/wil/.rvm/gems/ruby-2.0.0-p195@fantasysports/specifications/rack-test-0.6.2.gemspec
I, [2014-01-07T22:47:04.790356 #44046]  INFO -- : 0:  actionpack (4.0.0) from /Users/wil/.rvm/gems/ruby-2.0.0-p195@fantasysports/specifications/actionpack-4.0.0.gemspec
I, [2014-01-07T22:47:04.790626 #44046]  INFO -- : 0:  mime-types (1.25) from /Users/wil/.rvm/gems/ruby-2.0.0-p195@fantasysports/specifications/mime-types-1.25.gemspec
I, [2014-01-07T22:47:04.790993 #44046]  INFO -- : 0:  polyglot (0.3.3) from /Users/wil/.rvm/gems/ruby-2.0.0-p195@fantasysports/specifications/polyglot-0.3.3.gemspec
I, [2014-01-07T22:47:04.791292 #44046]  INFO -- : 0:  treetop (1.4.15) from /Users/wil/.rvm/gems/ruby-2.0.0-p195@fantasysports/specifications/treetop-1.4.15.gemspec
I, [2014-01-07T22:47:04.791612 #44046]  INFO -- : 0:  mail (2.5.4) from /Users/wil/.rvm/gems/ruby-2.0.0-p195@fantasysports/specifications/mail-2.5.4.gemspec
I, [2014-01-07T22:47:04.791898 #44046]  INFO -- : 0:  actionmailer (4.0.0) from /Users/wil/.rvm/gems/ruby-2.0.0-p195@fantasysports/specifications/actionmailer-4.0.0.gemspec
I, [2014-01-07T22:47:04.792180 #44046]  INFO -- : 0:  activemodel (4.0.0) from /Users/wil/.rvm/gems/ruby-2.0.0-p195@fantasysports/specifications/activemodel-4.0.0.gemspec
I, [2014-01-07T22:47:04.792461 #44046]  INFO -- : 0:  active_model_serializers (0.8.1) from /Users/wil/.rvm/gems/ruby-2.0.0-p195@fantasysports/specifications/active_model_serializers-0.8.1.gemspec
I, [2014-01-07T22:47:04.792731 #44046]  INFO -- : 0:  arbre (1.0.1) from /Users/wil/.rvm/gems/ruby-2.0.0-p195@fantasysports/specifications/arbre-1.0.1.gemspec
I, [2014-01-07T22:47:04.793007 #44046]  INFO -- : 0:  sass (3.2.12) from /Users/wil/.rvm/gems/ruby-2.0.0-p195@fantasysports/specifications/sass-3.2.12.gemspec
I, [2014-01-07T22:47:04.793266 #44046]  INFO -- : 0:  thor (0.18.1) from /Users/wil/.rvm/gems/ruby-2.0.0-p195@fantasysports/specifications/thor-0.18.1.gemspec
I, [2014-01-07T22:47:04.793543 #44046]  INFO -- : 0:  bourbon (3.1.8) from /Users/wil/.rvm/gems/ruby-2.0.0-p195@fantasysports/specifications/bourbon-3.1.8.gemspec
I, [2014-01-07T22:47:04.793908 #44046]  INFO -- : 0:  coffee-script-source (1.6.3) from /Users/wil/.rvm/gems/ruby-2.0.0-p195@fantasysports/specifications/coffee-script-source-1.6.3.gemspec
I, [2014-01-07T22:47:04.794306 #44046]  INFO -- : 0:  execjs (2.0.2) from /Users/wil/.rvm/gems/ruby-2.0.0-p195@fantasysports/specifications/execjs-2.0.2.gemspec
I, [2014-01-07T22:47:04.794800 #44046]  INFO -- : 0:  coffee-script (2.2.0) from /Users/wil/.rvm/gems/ruby-2.0.0-p195@fantasysports/specifications/coffee-script-2.2.0.gemspec
I, [2014-01-07T22:47:04.795140 #44046]  INFO -- : 0:  railties (4.0.0) from /Users/wil/.rvm/gems/ruby-2.0.0-p195@fantasysports/specifications/railties-4.0.0.gemspec
I, [2014-01-07T22:47:04.795531 #44046]  INFO -- : 0:  coffee-rails (4.0.0) from /Users/wil/.rvm/gems/ruby-2.0.0-p195@fantasysports/specifications/coffee-rails-4.0.0.gemspec
I, [2014-01-07T22:47:04.795915 #44046]  INFO -- : 0:  bcrypt-ruby (3.1.2) from /Users/wil/.rvm/gems/ruby-2.0.0-p195@fantasysports/specifications/bcrypt-ruby-3.1.2.gemspec
I, [2014-01-07T22:47:04.796282 #44046]  INFO -- : 0:  orm_adapter (0.4.0) from /Users/wil/.rvm/gems/ruby-2.0.0-p195@fantasysports/specifications/orm_adapter-0.4.0.gemspec
I, [2014-01-07T22:47:04.796594 #44046]  INFO -- : 0:  warden (1.2.3) from /Users/wil/.rvm/gems/ruby-2.0.0-p195@fantasysports/specifications/warden-1.2.3.gemspec
I, [2014-01-07T22:47:04.796907 #44046]  INFO -- : 0:  devise (3.1.1) from /Users/wil/.rvm/gems/ruby-2.0.0-p195@fantasysports/specifications/devise-3.1.1.gemspec
I, [2014-01-07T22:47:04.797177 #44046]  INFO -- : 0:  formtastic (2.3.0.rc2) from /Users/wil/.rvm/gems/ruby-2.0.0-p195@fantasysports/specifications/formtastic-2.3.0.rc2.gemspec
I, [2014-01-07T22:47:04.797456 #44046]  INFO -- : 0:  has_scope (0.6.0.rc) from /Users/wil/.rvm/gems/ruby-2.0.0-p195@fantasysports/specifications/has_scope-0.6.0.rc.gemspec
I, [2014-01-07T22:47:04.797720 #44046]  INFO -- : 0:  responders (1.0.0) from /Users/wil/.rvm/gems/ruby-2.0.0-p195@fantasysports/specifications/responders-1.0.0.gemspec
I, [2014-01-07T22:47:04.797999 #44046]  INFO -- : 0:  inherited_resources (1.4.1) from /Users/wil/.rvm/gems/ruby-2.0.0-p195@fantasysports/specifications/inherited_resources-1.4.1.gemspec
I, [2014-01-07T22:47:04.798269 #44046]  INFO -- : 0:  jquery-rails (3.0.4) from /Users/wil/.rvm/gems/ruby-2.0.0-p195@fantasysports/specifications/jquery-rails-3.0.4.gemspec
I, [2014-01-07T22:47:04.798534 #44046]  INFO -- : 0:  jquery-ui-rails (4.0.5) from /Users/wil/.rvm/gems/ruby-2.0.0-p195@fantasysports/specifications/jquery-ui-rails-4.0.5.gemspec
I, [2014-01-07T22:47:04.798802 #44046]  INFO -- : 0:  kaminari (0.14.1) from /Users/wil/.rvm/gems/ruby-2.0.0-p195@fantasysports/specifications/kaminari-0.14.1.gemspec
I, [2014-01-07T22:47:04.799071 #44046]  INFO -- : 0:  activerecord-deprecated_finders (1.0.3) from /Users/wil/.rvm/gems/ruby-2.0.0-p195@fantasysports/specifications/activerecord-deprecated_finders-1.0.3.gemspec
I, [2014-01-07T22:47:04.799398 #44046]  INFO -- : 0:  arel (4.0.0) from /Users/wil/.rvm/gems/ruby-2.0.0-p195@fantasysports/specifications/arel-4.0.0.gemspec
I, [2014-01-07T22:47:04.799761 #44046]  INFO -- : 0:  activerecord (4.0.0) from /Users/wil/.rvm/gems/ruby-2.0.0-p195@fantasysports/specifications/activerecord-4.0.0.gemspec
I, [2014-01-07T22:47:04.800022 #44046]  INFO -- : 0:  bundler (1.5.1) from /Users/wil/.rvm/gems/ruby-2.0.0-p195@fantasysports/specifications/bundler-1.5.1.gemspec
I, [2014-01-07T22:47:04.800289 #44046]  INFO -- : 0:  hike (1.2.3) from /Users/wil/.rvm/gems/ruby-2.0.0-p195@fantasysports/specifications/hike-1.2.3.gemspec
I, [2014-01-07T22:47:04.800550 #44046]  INFO -- : 0:  tilt (1.4.1) from /Users/wil/.rvm/gems/ruby-2.0.0-p195@fantasysports/specifications/tilt-1.4.1.gemspec
I, [2014-01-07T22:47:04.800810 #44046]  INFO -- : 0:  sprockets (2.10.0) from /Users/wil/.rvm/gems/ruby-2.0.0-p195@fantasysports/specifications/sprockets-2.10.0.gemspec
I, [2014-01-07T22:47:04.801073 #44046]  INFO -- : 0:  sprockets-rails (2.0.0) from /Users/wil/.rvm/gems/ruby-2.0.0-p195@fantasysports/specifications/sprockets-rails-2.0.0.gemspec
I, [2014-01-07T22:47:04.801354 #44046]  INFO -- : 0:  rails (4.0.0) from /Users/wil/.rvm/gems/ruby-2.0.0-p195@fantasysports/specifications/rails-4.0.0.gemspec
I, [2014-01-07T22:47:04.801637 #44046]  INFO -- : 0:  polyamorous (0.6.4) from /Users/wil/.rvm/gems/ruby-2.0.0-p195@fantasysports/specifications/polyamorous-0.6.4.gemspec
I, [2014-01-07T22:47:04.801914 #44046]  INFO -- : 0:  ransack (1.0.0) from /Users/wil/.rvm/gems/ruby-2.0.0-p195@fantasysports/specifications/ransack-1.0.0.gemspec
I, [2014-01-07T22:47:04.802179 #44046]  INFO -- : 0:  sass-rails (4.0.0) from /Users/wil/.rvm/gems/ruby-2.0.0-p195@fantasysports/specifications/sass-rails-4.0.0.gemspec
I, [2014-01-07T22:47:06.202373 #44046]  INFO -- : 0:  activeadmin (0.6.1) from /Users/wil/.rvm/gems/ruby-2.0.0-p195@fantasysports/bundler/gems/active_admin-9f6b03030667/activeadmin.gemspec
I, [2014-01-07T22:47:06.204357 #44046]  INFO -- : 0:  attr_required (0.0.5) from /Users/wil/.rvm/gems/ruby-2.0.0-p195@fantasysports/specifications/attr_required-0.0.5.gemspec
I, [2014-01-07T22:47:06.205593 #44046]  INFO -- : 0:  json (1.7.7) from /Users/wil/.rvm/rubies/ruby-2.0.0-p247/lib/ruby/gems/2.0.0/specifications/default/json-1.7.7.gemspec
I, [2014-01-07T22:47:06.208233 #44046]  INFO -- : 0:  mini_portile (0.5.1) from /Users/wil/.rvm/gems/ruby-2.0.0-p195@fantasysports/specifications/mini_portile-0.5.1.gemspec
I, [2014-01-07T22:47:06.208664 #44046]  INFO -- : 0:  nokogiri (1.6.0) from /Users/wil/.rvm/gems/ruby-2.0.0-p195@fantasysports/specifications/nokogiri-1.6.0.gemspec
I, [2014-01-07T22:47:06.209006 #44046]  INFO -- : 0:  uuidtools (2.1.4) from /Users/wil/.rvm/gems/ruby-2.0.0-p195@fantasysports/specifications/uuidtools-2.1.4.gemspec
I, [2014-01-07T22:47:06.209366 #44046]  INFO -- : 0:  aws-sdk (1.11.1) from /Users/wil/.rvm/gems/ruby-2.0.0-p195@fantasysports/specifications/aws-sdk-1.11.1.gemspec
I, [2014-01-07T22:47:06.209643 #44046]  INFO -- : 0:  highline (1.6.19) from /Users/wil/.rvm/gems/ruby-2.0.0-p195@fantasysports/specifications/highline-1.6.19.gemspec
I, [2014-01-07T22:47:06.209963 #44046]  INFO -- : 0:  net-ssh (2.7.0) from /Users/wil/.rvm/gems/ruby-2.0.0-p195@fantasysports/specifications/net-ssh-2.7.0.gemspec
I, [2014-01-07T22:47:06.210245 #44046]  INFO -- : 0:  net-scp (1.1.2) from /Users/wil/.rvm/gems/ruby-2.0.0-p195@fantasysports/specifications/net-scp-1.1.2.gemspec
I, [2014-01-07T22:47:06.210519 #44046]  INFO -- : 0:  net-sftp (2.1.2) from /Users/wil/.rvm/gems/ruby-2.0.0-p195@fantasysports/specifications/net-sftp-2.1.2.gemspec
I, [2014-01-07T22:47:06.210783 #44046]  INFO -- : 0:  net-ssh-gateway (1.2.0) from /Users/wil/.rvm/gems/ruby-2.0.0-p195@fantasysports/specifications/net-ssh-gateway-1.2.0.gemspec
I, [2014-01-07T22:47:06.211043 #44046]  INFO -- : 0:  capistrano (2.15.5) from /Users/wil/.rvm/gems/ruby-2.0.0-p195@fantasysports/specifications/capistrano-2.15.5.gemspec
I, [2014-01-07T22:47:06.211284 #44046]  INFO -- : 0:  carrierwave (0.9.0) from /Users/wil/.rvm/gems/ruby-2.0.0-p195@fantasysports/specifications/carrierwave-0.9.0.gemspec
I, [2014-01-07T22:47:06.211632 #44046]  INFO -- : 0:  mixlib-log (1.6.0) from /Users/wil/.rvm/gems/ruby-2.0.0-p195@fantasysports/specifications/mixlib-log-1.6.0.gemspec
I, [2014-01-07T22:47:06.211914 #44046]  INFO -- : 0:  mixlib-authentication (1.3.0) from /Users/wil/.rvm/gems/ruby-2.0.0-p195@fantasysports/specifications/mixlib-authentication-1.3.0.gemspec
I, [2014-01-07T22:47:06.212174 #44046]  INFO -- : 0:  mixlib-cli (1.3.0) from /Users/wil/.rvm/gems/ruby-2.0.0-p195@fantasysports/specifications/mixlib-cli-1.3.0.gemspec
I, [2014-01-07T22:47:06.212448 #44046]  INFO -- : 0:  mixlib-config (1.1.2) from /Users/wil/.rvm/gems/ruby-2.0.0-p195@fantasysports/specifications/mixlib-config-1.1.2.gemspec
I, [2014-01-07T22:47:06.213745 #44046]  INFO -- : 0:  mixlib-shellout (1.2.0) from /Users/wil/.rvm/gems/ruby-2.0.0-p195@fantasysports/specifications/mixlib-shellout-1.2.0.gemspec
I, [2014-01-07T22:47:06.214510 #44046]  INFO -- : 0:  net-ssh-multi (1.1) from /Users/wil/.rvm/gems/ruby-2.0.0-p195@fantasysports/specifications/net-ssh-multi-1.1.gemspec
I, [2014-01-07T22:47:06.215426 #44046]  INFO -- : 0:  ipaddress (0.8.0) from /Users/wil/.rvm/gems/ruby-2.0.0-p195@fantasysports/specifications/ipaddress-0.8.0.gemspec
I, [2014-01-07T22:47:06.217574 #44046]  INFO -- : 0:  systemu (2.5.2) from /Users/wil/.rvm/gems/ruby-2.0.0-p195@fantasysports/specifications/systemu-2.5.2.gemspec
I, [2014-01-07T22:47:06.219592 #44046]  INFO -- : 0:  yajl-ruby (1.1.0) from /Users/wil/.rvm/gems/ruby-2.0.0-p195@fantasysports/specifications/yajl-ruby-1.1.0.gemspec
I, [2014-01-07T22:47:06.220814 #44046]  INFO -- : 0:  ohai (6.18.0) from /Users/wil/.rvm/gems/ruby-2.0.0-p195@fantasysports/specifications/ohai-6.18.0.gemspec
I, [2014-01-07T22:47:06.222231 #44046]  INFO -- : 0:  rest-client (1.6.7) from /Users/wil/.rvm/gems/ruby-2.0.0-p195@fantasysports/specifications/rest-client-1.6.7.gemspec
I, [2014-01-07T22:47:06.223390 #44046]  INFO -- : 0:  chef (11.6.2) from /Users/wil/.rvm/gems/ruby-2.0.0-p195@fantasysports/specifications/chef-11.6.2.gemspec
I, [2014-01-07T22:47:06.223761 #44046]  INFO -- : 0:  coderay (1.0.9) from /Users/wil/.rvm/gems/ruby-2.0.0-p195@fantasysports/specifications/coderay-1.0.9.gemspec
I, [2014-01-07T22:47:06.224078 #44046]  INFO -- : 0:  columnize (0.3.6) from /Users/wil/.rvm/gems/ruby-2.0.0-p195@fantasysports/specifications/columnize-0.3.6.gemspec
I, [2014-01-07T22:47:06.224540 #44046]  INFO -- : 0:  commander (4.1.5) from /Users/wil/.rvm/gems/ruby-2.0.0-p195@fantasysports/specifications/commander-4.1.5.gemspec
I, [2014-01-07T22:47:06.224762 #44046]  INFO -- : 0:  commonjs (0.2.7) from /Users/wil/.rvm/gems/ruby-2.0.0-p195@fantasysports/specifications/commonjs-0.2.7.gemspec
I, [2014-01-07T22:47:06.224979 #44046]  INFO -- : 0:  debugger-linecache (1.2.0) from /Users/wil/.rvm/gems/ruby-2.0.0-p195@fantasysports/specifications/debugger-linecache-1.2.0.gemspec
I, [2014-01-07T22:47:06.225193 #44046]  INFO -- : 0:  debugger-ruby_core_source (1.2.3) from /Users/wil/.rvm/gems/ruby-2.0.0-p195@fantasysports/specifications/debugger-ruby_core_source-1.2.3.gemspec
I, [2014-01-07T22:47:06.225433 #44046]  INFO -- : 0:  debugger (1.6.2) from /Users/wil/.rvm/gems/ruby-2.0.0-p195@fantasysports/specifications/debugger-1.6.2.gemspec
I, [2014-01-07T22:47:06.225628 #44046]  INFO -- : 0:  descriptive-statistics (2.1.0) from /Users/wil/.rvm/gems/ruby-2.0.0-p195@fantasysports/specifications/descriptive-statistics-2.1.0.gemspec
I, [2014-01-07T22:47:06.225830 #44046]  INFO -- : 0:  ffi (1.9.0) from /Users/wil/.rvm/gems/ruby-2.0.0-p195@fantasysports/specifications/ffi-1.9.0.gemspec
I, [2014-01-07T22:47:06.226022 #44046]  INFO -- : 0:  ethon (0.6.1) from /Users/wil/.rvm/gems/ruby-2.0.0-p195@fantasysports/specifications/ethon-0.6.1.gemspec
I, [2014-01-07T22:47:06.226212 #44046]  INFO -- : 0:  excon (0.25.3) from /Users/wil/.rvm/gems/ruby-2.0.0-p195@fantasysports/specifications/excon-0.25.3.gemspec
I, [2014-01-07T22:47:06.226403 #44046]  INFO -- : 0:  factory_girl (4.2.0) from /Users/wil/.rvm/gems/ruby-2.0.0-p195@fantasysports/specifications/factory_girl-4.2.0.gemspec
I, [2014-01-07T22:47:06.226594 #44046]  INFO -- : 0:  factory_girl_rails (4.2.1) from /Users/wil/.rvm/gems/ruby-2.0.0-p195@fantasysports/specifications/factory_girl_rails-4.2.1.gemspec
I, [2014-01-07T22:47:06.226784 #44046]  INFO -- : 0:  multipart-post (1.2.0) from /Users/wil/.rvm/gems/ruby-2.0.0-p195@fantasysports/specifications/multipart-post-1.2.0.gemspec
I, [2014-01-07T22:47:06.227062 #44046]  INFO -- : 0:  faraday (0.8.8) from /Users/wil/.rvm/gems/ruby-2.0.0-p195@fantasysports/specifications/faraday-0.8.8.gemspec
I, [2014-01-07T22:47:06.227517 #44046]  INFO -- : 0:  formatador (0.2.4) from /Users/wil/.rvm/gems/ruby-2.0.0-p195@fantasysports/specifications/formatador-0.2.4.gemspec
I, [2014-01-07T22:47:06.228040 #44046]  INFO -- : 0:  ruby-hmac (0.4.0) from /Users/wil/.rvm/gems/ruby-2.0.0-p195@fantasysports/specifications/ruby-hmac-0.4.0.gemspec
I, [2014-01-07T22:47:06.228516 #44046]  INFO -- : 0:  fog (1.15.0) from /Users/wil/.rvm/gems/ruby-2.0.0-p195@fantasysports/specifications/fog-1.15.0.gemspec
I, [2014-01-07T22:47:06.228976 #44046]  INFO -- : 0:  god (0.13.3) from /Users/wil/.rvm/gems/ruby-2.0.0-p195@fantasysports/specifications/god-0.13.3.gemspec
I, [2014-01-07T22:47:06.230494 #44046]  INFO -- : 0:  hashie (2.0.5) from /Users/wil/.rvm/gems/ruby-2.0.0-p195@fantasysports/specifications/hashie-2.0.5.gemspec
I, [2014-01-07T22:47:06.231209 #44046]  INFO -- : 0:  honeybadger (1.10.1) from /Users/wil/.rvm/gems/ruby-2.0.0-p195@fantasysports/specifications/honeybadger-1.10.1.gemspec
I, [2014-01-07T22:47:06.231839 #44046]  INFO -- : 0:  httpauth (0.2.0) from /Users/wil/.rvm/gems/ruby-2.0.0-p195@fantasysports/specifications/httpauth-0.2.0.gemspec
I, [2014-01-07T22:47:06.232598 #44046]  INFO -- : 0:  httpclient (2.3.4.1) from /Users/wil/.rvm/gems/ruby-2.0.0-p195@fantasysports/specifications/httpclient-2.3.4.1.gemspec
I, [2014-01-07T22:47:06.233526 #44046]  INFO -- : 0:  jbuilder (1.5.2) from /Users/wil/.rvm/gems/ruby-2.0.0-p195@fantasysports/specifications/jbuilder-1.5.2.gemspec
I, [2014-01-07T22:47:06.234085 #44046]  INFO -- : 0:  jwt (0.1.8) from /Users/wil/.rvm/gems/ruby-2.0.0-p195@fantasysports/specifications/jwt-0.1.8.gemspec
I, [2014-01-07T22:47:06.234585 #44046]  INFO -- : 0:  knife-ec2 (0.6.4) from /Users/wil/.rvm/gems/ruby-2.0.0-p195@fantasysports/specifications/knife-ec2-0.6.4.gemspec
I, [2014-01-07T22:47:06.235026 #44046]  INFO -- : 0:  less (2.4.0) from /Users/wil/.rvm/gems/ruby-2.0.0-p195@fantasysports/specifications/less-2.4.0.gemspec
I, [2014-01-07T22:47:06.236311 #44046]  INFO -- : 0:  less-rails (2.4.2) from /Users/wil/.rvm/gems/ruby-2.0.0-p195@fantasysports/specifications/less-rails-2.4.2.gemspec
I, [2014-01-07T22:47:06.237848 #44046]  INFO -- : 0:  libv8 (3.16.14.3) from /Users/wil/.rvm/gems/ruby-2.0.0-p195@fantasysports/specifications/libv8-3.16.14.3-x86_64-darwin-13.gemspec
I, [2014-01-07T22:47:06.243189 #44046]  INFO -- : 0:  metaclass (0.0.1) from /Users/wil/.rvm/gems/ruby-2.0.0-p195@fantasysports/specifications/metaclass-0.0.1.gemspec
I, [2014-01-07T22:47:06.243527 #44046]  INFO -- : 0:  method_source (0.8.2) from /Users/wil/.rvm/gems/ruby-2.0.0-p195@fantasysports/specifications/method_source-0.8.2.gemspec
I, [2014-01-07T22:47:06.243801 #44046]  INFO -- : 0:  subexec (0.2.3) from /Users/wil/.rvm/gems/ruby-2.0.0-p195@fantasysports/specifications/subexec-0.2.3.gemspec
I, [2014-01-07T22:47:06.244061 #44046]  INFO -- : 0:  mini_magick (3.6.0) from /Users/wil/.rvm/gems/ruby-2.0.0-p195@fantasysports/specifications/mini_magick-3.6.0.gemspec
I, [2014-01-07T22:47:06.244311 #44046]  INFO -- : 0:  mocha (0.14.0) from /Users/wil/.rvm/gems/ruby-2.0.0-p195@fantasysports/specifications/mocha-0.14.0.gemspec
I, [2014-01-07T22:47:07.189055 #44046]  INFO -- : 0:  mono_logger (1.1.0) from /Users/wil/.rvm/gems/ruby-2.0.0-p195@fantasysports/specifications/mono_logger-1.1.0.gemspec
I, [2014-01-07T22:47:07.189619 #44046]  INFO -- : 0:  protected_attributes (1.0.3) from /Users/wil/.rvm/gems/ruby-2.0.0-p195@fantasysports/specifications/protected_attributes-1.0.3.gemspec
I, [2014-01-07T22:47:07.190017 #44046]  INFO -- : 0:  rack-oauth2 (1.0.5) from /Users/wil/.rvm/gems/ruby-2.0.0-p195@fantasysports/specifications/rack-oauth2-1.0.5.gemspec
I, [2014-01-07T22:47:07.190385 #44046]  INFO -- : 0:  mustwin_devise_oauth2_providable (1.1.6) from /Users/wil/.rvm/gems/ruby-2.0.0-p195@fantasysports/specifications/mustwin_devise_oauth2_providable-1.1.6.gemspec
I, [2014-01-07T22:47:07.190784 #44046]  INFO -- : 0:  oauth2 (0.8.1) from /Users/wil/.rvm/gems/ruby-2.0.0-p195@fantasysports/specifications/oauth2-0.8.1.gemspec
I, [2014-01-07T22:47:07.191134 #44046]  INFO -- : 0:  omniauth (1.1.4) from /Users/wil/.rvm/gems/ruby-2.0.0-p195@fantasysports/specifications/omniauth-1.1.4.gemspec
I, [2014-01-07T22:47:07.191471 #44046]  INFO -- : 0:  omniauth-oauth2 (1.1.1) from /Users/wil/.rvm/gems/ruby-2.0.0-p195@fantasysports/specifications/omniauth-oauth2-1.1.1.gemspec
I, [2014-01-07T22:47:07.191756 #44046]  INFO -- : 0:  omniauth-facebook (1.4.1) from /Users/wil/.rvm/gems/ruby-2.0.0-p195@fantasysports/specifications/omniauth-facebook-1.4.1.gemspec
I, [2014-01-07T22:47:07.192023 #44046]  INFO -- : 0:  omniauth-facebook-access-token (0.1.3) from /Users/wil/.rvm/gems/ruby-2.0.0-p195@fantasysports/specifications/omniauth-facebook-access-token-0.1.3.gemspec
I, [2014-01-07T22:47:07.192270 #44046]  INFO -- : 0:  xml-simple (1.1.2) from /Users/wil/.rvm/gems/ruby-2.0.0-p195@fantasysports/specifications/xml-simple-1.1.2.gemspec
I, [2014-01-07T22:47:07.192493 #44046]  INFO -- : 0:  paypal-sdk-core (0.2.6) from /Users/wil/.rvm/gems/ruby-2.0.0-p195@fantasysports/specifications/paypal-sdk-core-0.2.6.gemspec
I, [2014-01-07T22:47:07.192713 #44046]  INFO -- : 0:  paypal-sdk-adaptivepayments (1.105.0) from /Users/wil/.rvm/gems/ruby-2.0.0-p195@fantasysports/specifications/paypal-sdk-adaptivepayments-1.105.0.gemspec
I, [2014-01-07T22:47:07.192938 #44046]  INFO -- : 0:  paypal-sdk-rest (0.6.0) from /Users/wil/.rvm/gems/ruby-2.0.0-p195@fantasysports/specifications/paypal-sdk-rest-0.6.0.gemspec
I, [2014-01-07T22:47:07.193158 #44046]  INFO -- : 0:  pg (0.17.0) from /Users/wil/.rvm/gems/ruby-2.0.0-p195@fantasysports/specifications/pg-0.17.0.gemspec
I, [2014-01-07T22:47:07.193376 #44046]  INFO -- : 0:  slop (3.4.6) from /Users/wil/.rvm/gems/ruby-2.0.0-p195@fantasysports/specifications/slop-3.4.6.gemspec
I, [2014-01-07T22:47:07.193596 #44046]  INFO -- : 0:  pry (0.9.12.2) from /Users/wil/.rvm/gems/ruby-2.0.0-p195@fantasysports/specifications/pry-0.9.12.2.gemspec
I, [2014-01-07T22:47:07.194020 #44046]  INFO -- : 0:  puma (2.6.0) from /Users/wil/.rvm/gems/ruby-2.0.0-p195@fantasysports/specifications/puma-2.6.0.gemspec
I, [2014-01-07T22:47:07.194302 #44046]  INFO -- : 0:  quiet_assets (1.0.2) from /Users/wil/.rvm/gems/ruby-2.0.0-p195@fantasysports/specifications/quiet_assets-1.0.2.gemspec
I, [2014-01-07T22:47:07.953637 #44046]  INFO -- : 0:  rack-protection (1.5.1) from /Users/wil/.rvm/gems/ruby-2.0.0-p195@fantasysports/specifications/rack-protection-1.5.1.gemspec
I, [2014-01-07T22:47:09.573240 #44046]  INFO -- : 0:  redis (3.0.6) from /Users/wil/.rvm/gems/ruby-2.0.0-p195@fantasysports/specifications/redis-3.0.6.gemspec
I, [2014-01-07T22:47:10.729832 #44046]  INFO -- : 0:  redis-namespace (1.3.2) from /Users/wil/.rvm/gems/ruby-2.0.0-p195@fantasysports/specifications/redis-namespace-1.3.2.gemspec
I, [2014-01-07T22:47:10.730385 #44046]  INFO -- : 0:  ref (1.0.5) from /Users/wil/.rvm/gems/ruby-2.0.0-p195@fantasysports/specifications/ref-1.0.5.gemspec
I, [2014-01-07T22:47:12.988346 #44046]  INFO -- : 0:  sinatra (1.4.4) from /Users/wil/.rvm/gems/ruby-2.0.0-p195@fantasysports/specifications/sinatra-1.4.4.gemspec
I, [2014-01-07T22:47:13.822813 #44046]  INFO -- : 0:  vegas (0.1.11) from /Users/wil/.rvm/gems/ruby-2.0.0-p195@fantasysports/specifications/vegas-0.1.11.gemspec
I, [2014-01-07T22:47:15.447195 #44046]  INFO -- : 0:  resque (1.25.1) from /Users/wil/.rvm/gems/ruby-2.0.0-p195@fantasysports/specifications/resque-1.25.1.gemspec
I, [2014-01-07T22:47:15.447818 #44046]  INFO -- : 0:  skeuocard-rails (1.0.3) from /Users/wil/.rvm/gems/ruby-2.0.0-p195@fantasysports/specifications/skeuocard-rails-1.0.3.gemspec
I, [2014-01-07T22:47:15.448252 #44046]  INFO -- : 0:  terminal-table (1.4.5) from /Users/wil/.rvm/gems/ruby-2.0.0-p195@fantasysports/specifications/terminal-table-1.4.5.gemspec
I, [2014-01-07T22:47:15.448693 #44046]  INFO -- : 0:  therubyracer (0.12.0) from /Users/wil/.rvm/gems/ruby-2.0.0-p195@fantasysports/specifications/therubyracer-0.12.0.gemspec
I, [2014-01-07T22:47:15.448985 #44046]  INFO -- : 0:  twitter-bootstrap-rails (2.2.8) from /Users/wil/.rvm/gems/ruby-2.0.0-p195@fantasysports/specifications/twitter-bootstrap-rails-2.2.8.gemspec
I, [2014-01-07T22:47:15.449234 #44046]  INFO -- : 0:  typhoeus (0.6.5) from /Users/wil/.rvm/gems/ruby-2.0.0-p195@fantasysports/specifications/typhoeus-0.6.5.gemspec
I, [2014-01-07T22:47:15.449480 #44046]  INFO -- : 0:  uglifier (2.2.1) from /Users/wil/.rvm/gems/ruby-2.0.0-p195@fantasysports/specifications/uglifier-2.2.1.gemspec
I, [2014-01-07T22:47:15.449736 #44046]  INFO -- : 0:  venice (0.2.0) from /Users/wil/.rvm/gems/ruby-2.0.0-p195@fantasysports/specifications/venice-0.2.0.gemspec
