

Started GET "/" for 127.0.0.1 at 2013-07-29 15:10:36 -0700
Processing by Rails::WelcomeController#index as HTML
  Rendered /Users/mike/.rvm/gems/ruby-1.9.3-p392@fantasysports/gems/railties-4.0.0/lib/rails/templates/rails/welcome/index.html.erb (2.2ms)
Completed 200 OK in 54ms (Views: 27.5ms | ActiveRecord: 0.0ms)
  [1m[36m (16.6ms)[0m  [1mCREATE TABLE "schema_migrations" ("version" character varying(255) NOT NULL) [0m
  [1m[35m (2.8ms)[0m  CREATE UNIQUE INDEX "unique_schema_migrations" ON "schema_migrations" ("version")
  [1m[36mActiveRecord::SchemaMigration Load (0.5ms)[0m  [1mSELECT "schema_migrations".* FROM "schema_migrations"[0m
Migrating to CreateSports (20130729221647)
  [1m[35m (0.1ms)[0m  BEGIN
  [1m[36m (7.7ms)[0m  [1mCREATE TABLE "sports" ("id" serial primary key, "name" character varying(255) NOT NULL, "created_at" timestamp, "updated_at" timestamp) [0m
  [1m[35m (0.7ms)[0m  CREATE UNIQUE INDEX "index_sports_on_name" ON "sports" ("name")
  [1m[36mSQL (1.1ms)[0m  [1mINSERT INTO "schema_migrations" ("version") VALUES ($1)[0m  [["version", "20130729221647"]]
  [1m[35m (0.5ms)[0m  COMMIT
Migrating to CreateContests (20130729221649)
  [1m[36m (0.2ms)[0m  [1mBEGIN[0m
  [1m[35m (2.1ms)[0m  CREATE TABLE "contests" ("id" serial primary key, "owner" integer NOT NULL, "start_time" timestamp, "end_time" timestamp, "created_at" timestamp, "updated_at" timestamp) 
  [1m[36mSQL (0.3ms)[0m  [1mINSERT INTO "schema_migrations" ("version") VALUES ($1)[0m  [["version", "20130729221649"]]
  [1m[35m (0.4ms)[0m  COMMIT
Migrating to CreateGames (20130729221651)
  [1m[36m (0.2ms)[0m  [1mBEGIN[0m
  [1m[35m (1.7ms)[0m  CREATE TABLE "games" ("id" serial primary key, "home_team_id" integer NOT NULL, "away_team_id" integer NOT NULL, "game_day" date NOT NULL, "game_time" timestamp NOT NULL, "created_at" timestamp, "updated_at" timestamp) 
  [1m[36m (0.8ms)[0m  [1mCREATE INDEX "index_games_on_game_time" ON "games" ("game_time")[0m
  [1m[35m (1.0ms)[0m  CREATE UNIQUE INDEX "index_games_on_home_team_id_and_away_team_id_and_game_day" ON "games" ("home_team_id", "away_team_id", "game_day")
  [1m[36mSQL (0.3ms)[0m  [1mINSERT INTO "schema_migrations" ("version") VALUES ($1)[0m  [["version", "20130729221651"]]
  [1m[35m (0.7ms)[0m  COMMIT
Migrating to CreateUsers (20130729221653)
  [1m[36m (0.3ms)[0m  [1mBEGIN[0m
  [1m[35m (2.8ms)[0m  CREATE TABLE "users" ("id" serial primary key, "name" character varying(255) NOT NULL, "email" character varying(255) NOT NULL, "created_at" timestamp, "updated_at" timestamp) 
  [1m[36mSQL (0.3ms)[0m  [1mINSERT INTO "schema_migrations" ("version") VALUES ($1)[0m  [["version", "20130729221653"]]
  [1m[35m (0.6ms)[0m  COMMIT
Migrating to CreateTeams (20130729221656)
  [1m[36m (0.3ms)[0m  [1mBEGIN[0m
  [1m[35m (0.2ms)[0m  ROLLBACK
  [1m[36mActiveRecord::SchemaMigration Load (0.3ms)[0m  [1mSELECT "schema_migrations".* FROM "schema_migrations"[0m
Migrating to CreateTeams (20130729221656)
  [1m[35m (0.2ms)[0m  BEGIN
  [1m[36m (5.0ms)[0m  [1mCREATE TABLE "teams" ("id" serial primary key, "sport_id" integer NOT NULL, "name" character varying(255) NOT NULL, "state" character varying(255), "country" character varying(255), "lat" decimal, "long" decimal, "created_at" timestamp, "updated_at" timestamp) [0m
  [1m[35mSQL (0.8ms)[0m  INSERT INTO "schema_migrations" ("version") VALUES ($1)  [["version", "20130729221656"]]
  [1m[36m (0.6ms)[0m  [1mCOMMIT[0m
Migrating to CreatePlayers (20130729221658)
  [1m[35m (0.2ms)[0m  BEGIN
  [1m[36m (2.3ms)[0m  [1mCREATE TABLE "players" ("id" serial primary key, "sport_id" integer, "team_id" integer, "point_per_game" decimal, "created_at" timestamp, "updated_at" timestamp) [0m
  [1m[35mSQL (0.2ms)[0m  INSERT INTO "schema_migrations" ("version") VALUES ($1)  [["version", "20130729221658"]]
  [1m[36m (0.3ms)[0m  [1mCOMMIT[0m
Migrating to CreateStatEvents (20130729221700)
  [1m[35m (0.2ms)[0m  BEGIN
  [1m[36m (2.8ms)[0m  [1mCREATE TABLE "stat_events" ("id" serial primary key, "player_id" integer NOT NULL, "game_id" integer NOT NULL, "point_value" decimal NOT NULL, "event_description" character varying(255) NOT NULL, "created_at" timestamp, "updated_at" timestamp) [0m
  [1m[35mSQL (0.2ms)[0m  INSERT INTO "schema_migrations" ("version") VALUES ($1)  [["version", "20130729221700"]]
  [1m[36m (0.4ms)[0m  [1mCOMMIT[0m
Migrating to CreateContestRosters (20130730000647)
  [1m[35m (0.2ms)[0m  BEGIN
  [1m[36m (2.6ms)[0m  [1mCREATE TABLE "contest_rosters_players" ("id" serial primary key, "player_id" integer NOT NULL, "contest_roster_id" integer NOT NULL) [0m
  [1m[35m (0.3ms)[0m  ROLLBACK
  [1m[36mActiveRecord::SchemaMigration Load (0.3ms)[0m  [1mSELECT "schema_migrations".* FROM "schema_migrations"[0m
Migrating to CreateContestRosters (20130730000647)
  [1m[35m (0.3ms)[0m  BEGIN
  [1m[36m (2.8ms)[0m  [1mCREATE TABLE "contest_rosters_players" ("id" serial primary key, "player_id" integer NOT NULL, "contest_roster_id" integer NOT NULL) [0m
  [1m[35m (0.9ms)[0m  CREATE UNIQUE INDEX "contest_rosters_players_index" ON "contest_rosters_players" ("player_id", "contest_roster_id")
  [1m[36m (2.3ms)[0m  [1mCREATE TABLE "contest_rosters" ("id" serial primary key, "owner_id" integer NOT NULL, "created_at" timestamp, "updated_at" timestamp) [0m
  [1m[35mSQL (0.6ms)[0m  INSERT INTO "schema_migrations" ("version") VALUES ($1)  [["version", "20130730000647"]]
  [1m[36m (0.5ms)[0m  [1mCOMMIT[0m
  [1m[35mActiveRecord::SchemaMigration Load (0.3ms)[0m  SELECT "schema_migrations".* FROM "schema_migrations"
  [1m[36m (19.7ms)[0m  [1mCREATE TABLE "schema_migrations" ("version" character varying(255) NOT NULL) [0m
  [1m[35m (3.6ms)[0m  CREATE UNIQUE INDEX "unique_schema_migrations" ON "schema_migrations" ("version")
  [1m[36mActiveRecord::SchemaMigration Load (0.6ms)[0m  [1mSELECT "schema_migrations".* FROM "schema_migrations"[0m
Migrating to CreateSports (20130729221647)
  [1m[35m (0.1ms)[0m  BEGIN
  [1m[36m (8.4ms)[0m  [1mCREATE TABLE "sports" ("id" serial primary key, "name" character varying(255) NOT NULL, "created_at" timestamp, "updated_at" timestamp) [0m
  [1m[35m (0.7ms)[0m  CREATE UNIQUE INDEX "index_sports_on_name" ON "sports" ("name")
  [1m[36mSQL (1.1ms)[0m  [1mINSERT INTO "schema_migrations" ("version") VALUES ($1)[0m  [["version", "20130729221647"]]
  [1m[35m (0.4ms)[0m  COMMIT
Migrating to CreateContests (20130729221649)
  [1m[36m (0.2ms)[0m  [1mBEGIN[0m
  [1m[35m (2.1ms)[0m  CREATE TABLE "contests" ("id" serial primary key, "owner" integer NOT NULL, "type" character varying(255) NOT NULL, "buy_in" integer NOT NULL, "user_cap" integer, "start_time" timestamp, "end_time" timestamp, "created_at" timestamp, "updated_at" timestamp) 
  [1m[36mSQL (0.3ms)[0m  [1mINSERT INTO "schema_migrations" ("version") VALUES ($1)[0m  [["version", "20130729221649"]]
  [1m[35m (0.4ms)[0m  COMMIT
Migrating to CreateGames (20130729221651)
  [1m[36m (0.2ms)[0m  [1mBEGIN[0m
  [1m[35m (3.2ms)[0m  CREATE TABLE "venues" ("id" serial primary key, "stats_id" character varying(255), "country" character varying(255), "state" character varying(255), "city" character varying(255), "type" character varying(255), "name" character varying(255), "surface" character varying(255)) 
  [1m[36m (0.7ms)[0m  [1mCREATE INDEX "index_venues_on_stats_id" ON "venues" ("stats_id")[0m
  [1m[35m (3.8ms)[0m  CREATE TABLE "games" ("id" serial primary key, "stats_id" character varying(255) NOT NULL, "home_team_id" integer NOT NULL, "away_team_id" integer NOT NULL, "status" character varying(255) NOT NULL, "game_day" date NOT NULL, "game_time" timestamp NOT NULL, "created_at" timestamp, "updated_at" timestamp) 
  [1m[36m (0.7ms)[0m  [1mCREATE INDEX "index_games_on_game_day" ON "games" ("game_day")[0m
  [1m[35m (0.9ms)[0m  CREATE INDEX "index_games_on_game_time" ON "games" ("game_time")
  [1m[36m (0.9ms)[0m  [1mCREATE INDEX "index_games_on_stats_id" ON "games" ("stats_id")[0m
  [1m[35m (0.7ms)[0m  CREATE UNIQUE INDEX "index_games_on_home_team_id_and_away_team_id_and_game_day" ON "games" ("home_team_id", "away_team_id", "game_day")
  [1m[36mSQL (0.2ms)[0m  [1mINSERT INTO "schema_migrations" ("version") VALUES ($1)[0m  [["version", "20130729221651"]]
  [1m[35m (0.6ms)[0m  COMMIT
Migrating to CreateUsers (20130729221653)
  [1m[36m (0.4ms)[0m  [1mBEGIN[0m
  [1m[35m (2.4ms)[0m  CREATE TABLE "users" ("id" serial primary key, "name" character varying(255) NOT NULL, "email" character varying(255) NOT NULL, "created_at" timestamp, "updated_at" timestamp) 
  [1m[36m (0.7ms)[0m  [1mCREATE INDEX "index_users_on_email" ON "users" ("email")[0m
  [1m[35mSQL (0.3ms)[0m  INSERT INTO "schema_migrations" ("version") VALUES ($1)  [["version", "20130729221653"]]
  [1m[36m (0.4ms)[0m  [1mCOMMIT[0m
Migrating to CreateTeams (20130729221656)
  [1m[35m (0.2ms)[0m  BEGIN
  [1m[36m (2.6ms)[0m  [1mCREATE TABLE "teams" ("id" serial primary key, "sport_id" integer NOT NULL, "abbrev" character varying(255) NOT NULL, "name" character varying(255) NOT NULL, "conference" character varying(255) NOT NULL, "division" character varying(255) NOT NULL, "market" character varying(255), "state" character varying(255), "country" character varying(255), "lat" decimal, "long" decimal, "standings" text, "created_at" timestamp, "updated_at" timestamp) [0m
  [1m[35m (0.7ms)[0m  CREATE INDEX "index_teams_on_abbrev" ON "teams" ("abbrev")
  [1m[36mSQL (0.2ms)[0m  [1mINSERT INTO "schema_migrations" ("version") VALUES ($1)[0m  [["version", "20130729221656"]]
  [1m[35m (0.6ms)[0m  COMMIT
Migrating to CreatePlayers (20130729221658)
  [1m[36m (0.2ms)[0m  [1mBEGIN[0m
  [1m[35m (3.0ms)[0m  CREATE TABLE "players" ("id" serial primary key, "stats_id" character varying(255), "sport_id" integer, "team_id" integer, "name" character varying(255), "name_abbr" character varying(255), "birthdate" character varying(255), "height" integer, "weight" integer, "college" character varying(255), "position" character varying(255), "jersey_number" integer, "status" character varying(255), "salary" character varying(255), "total_games" integer DEFAULT 0 NOT NULL, "total_points" integer DEFAULT 0 NOT NULL, "points_per_game" decimal, "created_at" timestamp, "updated_at" timestamp) 
  [1m[36m (0.6ms)[0m  [1mCREATE INDEX "index_players_on_stats_id" ON "players" ("stats_id")[0m
  [1m[35m (0.9ms)[0m  CREATE INDEX "index_players_on_team_id" ON "players" ("team_id")
  [1m[36m (0.7ms)[0m  [1mCREATE INDEX "index_players_on_points_per_game" ON "players" ("points_per_game")[0m
  [1m[35mSQL (0.3ms)[0m  INSERT INTO "schema_migrations" ("version") VALUES ($1)  [["version", "20130729221658"]]
  [1m[36m (0.3ms)[0m  [1mCOMMIT[0m
Migrating to CreateStatEvents (20130729221700)
  [1m[36mActiveRecord::SchemaMigration Load (0.2ms)[0m  [1mSELECT "schema_migrations".* FROM "schema_migrations"[0m
Migrating to CreateStatEvents (20130729221700)
  [1m[35m (0.1ms)[0m  BEGIN
  [1m[36m (5.5ms)[0m  [1mCREATE TABLE "stat_events" ("id" serial primary key, "game_id" integer NOT NULL, "game_event_id" integer NOT NULL, "player_id" integer NOT NULL, "type" character varying(255) NOT NULL, "data" text NOT NULL, "point_type" character varying(255) NOT NULL, "point_value" decimal NOT NULL) [0m
  [1m[35m (1.1ms)[0m  CREATE INDEX "index_stat_events_on_game_id" ON "stat_events" ("game_id")
  [1m[36m (0.6ms)[0m  [1mCREATE INDEX "index_stat_events_on_game_event_id" ON "stat_events" ("game_event_id")[0m
  [1m[35m (3.3ms)[0m  CREATE TABLE "game_events" ("id" serial primary key, "stats_id" character varying(255), "sequence_number" character varying(255) NOT NULL, "game_id" integer NOT NULL, "type" character varying(255) NOT NULL, "summary" character varying(255) NOT NULL, "clock" character varying(255) NOT NULL, "data" text, "created_at" timestamp, "updated_at" timestamp) 
  [1m[36m (0.6ms)[0m  [1mCREATE INDEX "index_game_events_on_game_id" ON "game_events" ("game_id")[0m
  [1m[35m (0.8ms)[0m  CREATE INDEX "index_game_events_on_stats_id" ON "game_events" ("stats_id")
  [1m[36m (0.5ms)[0m  [1mCREATE INDEX "index_game_events_on_sequence_number" ON "game_events" ("sequence_number")[0m
  [1m[35mSQL (0.8ms)[0m  INSERT INTO "schema_migrations" ("version") VALUES ($1)  [["version", "20130729221700"]]
  [1m[36m (0.6ms)[0m  [1mCOMMIT[0m
Migrating to CreateContestRosters (20130730000647)
  [1m[35m (0.3ms)[0m  BEGIN
  [1m[36m (1.6ms)[0m  [1mCREATE TABLE "contest_rosters_players" ("id" serial primary key, "player_id" integer NOT NULL, "contest_roster_id" integer NOT NULL) [0m
  [1m[35m (0.6ms)[0m  CREATE UNIQUE INDEX "contest_rosters_players_index" ON "contest_rosters_players" ("player_id", "contest_roster_id")
  [1m[36m (1.8ms)[0m  [1mCREATE TABLE "contest_rosters" ("id" serial primary key, "owner_id" integer NOT NULL, "created_at" timestamp, "updated_at" timestamp) [0m
  [1m[35mSQL (0.2ms)[0m  INSERT INTO "schema_migrations" ("version") VALUES ($1)  [["version", "20130730000647"]]
  [1m[36m (0.5ms)[0m  [1mCOMMIT[0m
  [1m[35mActiveRecord::SchemaMigration Load (0.3ms)[0m  SELECT "schema_migrations".* FROM "schema_migrations"
